0 info it worked if it ends with ok
1 verbose cli [ '/usr/bin/nodejs', '/usr/bin/npm', 'install', '-g', 'grunt-cli' ]
2 info using npm@3.5.2
3 info using node@v4.2.6
4 silly loadCurrentTree Starting
5 silly install loadCurrentTree
6 silly install readGlobalPackageData
7 silly fetchPackageMetaData grunt-cli
8 silly fetchNamedPackageData grunt-cli
9 silly mapToRegistry name grunt-cli
10 silly mapToRegistry using default registry
11 silly mapToRegistry registry https://registry.npmjs.org/
12 silly mapToRegistry uri https://registry.npmjs.org/grunt-cli
13 verbose request uri https://registry.npmjs.org/grunt-cli
14 verbose request no auth needed
15 info attempt registry request try #1 at 9:55:03 PM
16 verbose request id 4970ea52f6117b74
17 http request GET https://registry.npmjs.org/grunt-cli
18 http 200 https://registry.npmjs.org/grunt-cli
19 verbose headers { 'content-type': 'application/json; charset=UTF-8',
19 verbose headers   server: 'UploadServer',
19 verbose headers   'cache-control': 'max-age=300',
19 verbose headers   'last-modified': 'Thu, 21 Dec 2017 19:05:23 GMT',
19 verbose headers   etag: '"5a3c05f3-8213"',
19 verbose headers   'content-encoding': 'gzip',
19 verbose headers   'content-length': '5805',
19 verbose headers   'accept-ranges': 'bytes',
19 verbose headers   date: 'Wed, 27 Dec 2017 04:55:03 GMT',
19 verbose headers   via: '1.1 varnish',
19 verbose headers   age: '2660',
19 verbose headers   connection: 'keep-alive',
19 verbose headers   'x-served-by': 'cache-dfw18643-DFW',
19 verbose headers   'x-cache': 'HIT',
19 verbose headers   'x-cache-hits': '4',
19 verbose headers   'x-timer': 'S1514350504.795117,VS0,VE0',
19 verbose headers   vary: 'Accept-Encoding, Accept' }
20 silly get cb [ 200,
20 silly get   { 'content-type': 'application/json; charset=UTF-8',
20 silly get     server: 'UploadServer',
20 silly get     'cache-control': 'max-age=300',
20 silly get     'last-modified': 'Thu, 21 Dec 2017 19:05:23 GMT',
20 silly get     etag: '"5a3c05f3-8213"',
20 silly get     'content-encoding': 'gzip',
20 silly get     'content-length': '5805',
20 silly get     'accept-ranges': 'bytes',
20 silly get     date: 'Wed, 27 Dec 2017 04:55:03 GMT',
20 silly get     via: '1.1 varnish',
20 silly get     age: '2660',
20 silly get     connection: 'keep-alive',
20 silly get     'x-served-by': 'cache-dfw18643-DFW',
20 silly get     'x-cache': 'HIT',
20 silly get     'x-cache-hits': '4',
20 silly get     'x-timer': 'S1514350504.795117,VS0,VE0',
20 silly get     vary: 'Accept-Encoding, Accept' } ]
21 verbose get saving grunt-cli to /home/henock/.npm/registry.npmjs.org/grunt-cli/.cache.json
22 silly install normalizeTree
23 silly loadCurrentTree Finishing
24 silly loadIdealTree Starting
25 silly install loadIdealTree
26 silly cloneCurrentTree Starting
27 silly install cloneCurrentTreeToIdealTree
28 silly cloneCurrentTree Finishing
29 silly loadShrinkwrap Starting
30 silly install loadShrinkwrap
31 silly loadShrinkwrap Finishing
32 silly loadAllDepsIntoIdealTree Starting
33 silly install loadAllDepsIntoIdealTree
34 silly resolveWithNewModule grunt-cli@1.2.0 checking installable status
35 silly cache add args [ 'grunt-cli', null ]
36 verbose cache add spec grunt-cli
37 silly cache add parsed spec Result {
37 silly cache add   raw: 'grunt-cli',
37 silly cache add   scope: null,
37 silly cache add   name: 'grunt-cli',
37 silly cache add   rawSpec: '',
37 silly cache add   spec: 'latest',
37 silly cache add   type: 'tag' }
38 silly addNamed grunt-cli@latest
39 verbose addNamed "latest" is being treated as a dist-tag for grunt-cli
40 info addNameTag [ 'grunt-cli', 'latest' ]
41 silly mapToRegistry name grunt-cli
42 silly mapToRegistry using default registry
43 silly mapToRegistry registry https://registry.npmjs.org/
44 silly mapToRegistry uri https://registry.npmjs.org/grunt-cli
45 verbose addNameTag registry:https://registry.npmjs.org/grunt-cli not in flight; fetching
46 verbose get https://registry.npmjs.org/grunt-cli not expired, no request
47 silly addNameTag next cb for grunt-cli with tag latest
48 silly addNamed grunt-cli@1.2.0
49 verbose addNamed "1.2.0" is a plain semver version for grunt-cli
50 silly mapToRegistry name grunt-cli
51 silly mapToRegistry using default registry
52 silly mapToRegistry registry https://registry.npmjs.org/
53 silly mapToRegistry uri https://registry.npmjs.org/grunt-cli
54 verbose addRemoteTarball https://registry.npmjs.org/grunt-cli/-/grunt-cli-1.2.0.tgz not in flight; adding
55 verbose addRemoteTarball [ 'https://registry.npmjs.org/grunt-cli/-/grunt-cli-1.2.0.tgz',
55 verbose addRemoteTarball   '562b119ebb069ddb464ace2845501be97b35b6a8' ]
56 info retry fetch attempt 1 at 9:55:03 PM
57 info attempt registry request try #1 at 9:55:03 PM
58 http fetch GET https://registry.npmjs.org/grunt-cli/-/grunt-cli-1.2.0.tgz
59 http fetch 200 https://registry.npmjs.org/grunt-cli/-/grunt-cli-1.2.0.tgz
60 silly fetchAndShaCheck shasum 562b119ebb069ddb464ace2845501be97b35b6a8
61 verbose addTmpTarball /tmp/npm-23151-549ab27b/registry.npmjs.org/grunt-cli/-/grunt-cli-1.2.0.tgz not in flight; adding
62 verbose addTmpTarball already have metadata; skipping unpack for grunt-cli@1.2.0
63 silly cache afterAdd grunt-cli@1.2.0
64 verbose afterAdd /home/henock/.npm/grunt-cli/1.2.0/package/package.json not in flight; writing
65 verbose afterAdd /home/henock/.npm/grunt-cli/1.2.0/package/package.json written
66 silly fetchNamedPackageData findup-sync
67 silly mapToRegistry name findup-sync
68 silly mapToRegistry using default registry
69 silly mapToRegistry registry https://registry.npmjs.org/
70 silly mapToRegistry uri https://registry.npmjs.org/findup-sync
71 silly fetchNamedPackageData grunt-known-options
72 silly mapToRegistry name grunt-known-options
73 silly mapToRegistry using default registry
74 silly mapToRegistry registry https://registry.npmjs.org/
75 silly mapToRegistry uri https://registry.npmjs.org/grunt-known-options
76 silly fetchNamedPackageData nopt
77 silly mapToRegistry name nopt
78 silly mapToRegistry using default registry
79 silly mapToRegistry registry https://registry.npmjs.org/
80 silly mapToRegistry uri https://registry.npmjs.org/nopt
81 silly fetchNamedPackageData resolve
82 silly mapToRegistry name resolve
83 silly mapToRegistry using default registry
84 silly mapToRegistry registry https://registry.npmjs.org/
85 silly mapToRegistry uri https://registry.npmjs.org/resolve
86 verbose request uri https://registry.npmjs.org/findup-sync
87 verbose request no auth needed
88 info attempt registry request try #1 at 9:55:04 PM
89 http request GET https://registry.npmjs.org/findup-sync
90 verbose request uri https://registry.npmjs.org/grunt-known-options
91 verbose request no auth needed
92 info attempt registry request try #1 at 9:55:04 PM
93 http request GET https://registry.npmjs.org/grunt-known-options
94 verbose request uri https://registry.npmjs.org/nopt
95 verbose request no auth needed
96 info attempt registry request try #1 at 9:55:04 PM
97 http request GET https://registry.npmjs.org/nopt
98 verbose request uri https://registry.npmjs.org/resolve
99 verbose request no auth needed
100 info attempt registry request try #1 at 9:55:04 PM
101 http request GET https://registry.npmjs.org/resolve
102 http 200 https://registry.npmjs.org/grunt-known-options
103 verbose headers { 'content-type': 'application/json; charset=UTF-8',
103 verbose headers   server: 'UploadServer',
103 verbose headers   'cache-control': 'max-age=300',
103 verbose headers   'last-modified': 'Tue, 29 Mar 2016 2:28:08 GMT',
103 verbose headers   etag: '"56f9e838-dcc"',
103 verbose headers   'content-encoding': 'gzip',
103 verbose headers   'content-length': '1010',
103 verbose headers   'accept-ranges': 'bytes',
103 verbose headers   date: 'Wed, 27 Dec 2017 04:55:04 GMT',
103 verbose headers   via: '1.1 varnish',
103 verbose headers   age: '11508',
103 verbose headers   connection: 'keep-alive',
103 verbose headers   'x-served-by': 'cache-dfw18632-DFW',
103 verbose headers   'x-cache': 'HIT',
103 verbose headers   'x-cache-hits': '2',
103 verbose headers   'x-timer': 'S1514350504.185777,VS0,VE0',
103 verbose headers   vary: 'Accept-Encoding, Accept' }
104 silly get cb [ 200,
104 silly get   { 'content-type': 'application/json; charset=UTF-8',
104 silly get     server: 'UploadServer',
104 silly get     'cache-control': 'max-age=300',
104 silly get     'last-modified': 'Tue, 29 Mar 2016 2:28:08 GMT',
104 silly get     etag: '"56f9e838-dcc"',
104 silly get     'content-encoding': 'gzip',
104 silly get     'content-length': '1010',
104 silly get     'accept-ranges': 'bytes',
104 silly get     date: 'Wed, 27 Dec 2017 04:55:04 GMT',
104 silly get     via: '1.1 varnish',
104 silly get     age: '11508',
104 silly get     connection: 'keep-alive',
104 silly get     'x-served-by': 'cache-dfw18632-DFW',
104 silly get     'x-cache': 'HIT',
104 silly get     'x-cache-hits': '2',
104 silly get     'x-timer': 'S1514350504.185777,VS0,VE0',
104 silly get     vary: 'Accept-Encoding, Accept' } ]
105 verbose get saving grunt-known-options to /home/henock/.npm/registry.npmjs.org/grunt-known-options/.cache.json
106 http 200 https://registry.npmjs.org/findup-sync
107 verbose headers { 'content-type': 'application/json; charset=UTF-8',
107 verbose headers   server: 'UploadServer',
107 verbose headers   'cache-control': 'max-age=300',
107 verbose headers   'last-modified': 'Wed, 20 Dec 2017 3:03:01 GMT',
107 verbose headers   etag: '"5a39d2e5-5991"',
107 verbose headers   'content-encoding': 'gzip',
107 verbose headers   'content-length': '3891',
107 verbose headers   'accept-ranges': 'bytes',
107 verbose headers   date: 'Wed, 27 Dec 2017 04:55:04 GMT',
107 verbose headers   via: '1.1 varnish',
107 verbose headers   age: '5952',
107 verbose headers   connection: 'keep-alive',
107 verbose headers   'x-served-by': 'cache-dfw18645-DFW',
107 verbose headers   'x-cache': 'HIT',
107 verbose headers   'x-cache-hits': '3',
107 verbose headers   'x-timer': 'S1514350504.179945,VS0,VE0',
107 verbose headers   vary: 'Accept-Encoding, Accept' }
108 silly get cb [ 200,
108 silly get   { 'content-type': 'application/json; charset=UTF-8',
108 silly get     server: 'UploadServer',
108 silly get     'cache-control': 'max-age=300',
108 silly get     'last-modified': 'Wed, 20 Dec 2017 3:03:01 GMT',
108 silly get     etag: '"5a39d2e5-5991"',
108 silly get     'content-encoding': 'gzip',
108 silly get     'content-length': '3891',
108 silly get     'accept-ranges': 'bytes',
108 silly get     date: 'Wed, 27 Dec 2017 04:55:04 GMT',
108 silly get     via: '1.1 varnish',
108 silly get     age: '5952',
108 silly get     connection: 'keep-alive',
108 silly get     'x-served-by': 'cache-dfw18645-DFW',
108 silly get     'x-cache': 'HIT',
108 silly get     'x-cache-hits': '3',
108 silly get     'x-timer': 'S1514350504.179945,VS0,VE0',
108 silly get     vary: 'Accept-Encoding, Accept' } ]
109 verbose get saving findup-sync to /home/henock/.npm/registry.npmjs.org/findup-sync/.cache.json
110 http 200 https://registry.npmjs.org/nopt
111 verbose headers { 'content-type': 'application/json; charset=UTF-8',
111 verbose headers   server: 'UploadServer',
111 verbose headers   'cache-control': 'max-age=300',
111 verbose headers   'last-modified': 'Wed, 18 Oct 2017 13:37:23 GMT',
111 verbose headers   etag: '"59e75913-848a"',
111 verbose headers   'content-encoding': 'gzip',
111 verbose headers   'content-length': '6883',
111 verbose headers   'accept-ranges': 'bytes',
111 verbose headers   date: 'Wed, 27 Dec 2017 04:55:04 GMT',
111 verbose headers   via: '1.1 varnish',
111 verbose headers   age: '1701',
111 verbose headers   connection: 'keep-alive',
111 verbose headers   'x-served-by': 'cache-dfw18623-DFW',
111 verbose headers   'x-cache': 'HIT',
111 verbose headers   'x-cache-hits': '12',
111 verbose headers   'x-timer': 'S1514350504.191326,VS0,VE0',
111 verbose headers   vary: 'Accept-Encoding, Accept' }
112 silly get cb [ 200,
112 silly get   { 'content-type': 'application/json; charset=UTF-8',
112 silly get     server: 'UploadServer',
112 silly get     'cache-control': 'max-age=300',
112 silly get     'last-modified': 'Wed, 18 Oct 2017 13:37:23 GMT',
112 silly get     etag: '"59e75913-848a"',
112 silly get     'content-encoding': 'gzip',
112 silly get     'content-length': '6883',
112 silly get     'accept-ranges': 'bytes',
112 silly get     date: 'Wed, 27 Dec 2017 04:55:04 GMT',
112 silly get     via: '1.1 varnish',
112 silly get     age: '1701',
112 silly get     connection: 'keep-alive',
112 silly get     'x-served-by': 'cache-dfw18623-DFW',
112 silly get     'x-cache': 'HIT',
112 silly get     'x-cache-hits': '12',
112 silly get     'x-timer': 'S1514350504.191326,VS0,VE0',
112 silly get     vary: 'Accept-Encoding, Accept' } ]
113 verbose get saving nopt to /home/henock/.npm/registry.npmjs.org/nopt/.cache.json
114 http 200 https://registry.npmjs.org/resolve
115 verbose headers { 'content-type': 'application/json; charset=UTF-8',
115 verbose headers   server: 'UploadServer',
115 verbose headers   'cache-control': 'max-age=300',
115 verbose headers   'last-modified': 'Thu, 14 Dec 2017 2:22:35 GMT',
115 verbose headers   etag: '"5a31e06b-ef72"',
115 verbose headers   'content-encoding': 'gzip',
115 verbose headers   'content-length': '7855',
115 verbose headers   'accept-ranges': 'bytes',
115 verbose headers   date: 'Wed, 27 Dec 2017 04:55:04 GMT',
115 verbose headers   via: '1.1 varnish',
115 verbose headers   age: '8690',
115 verbose headers   connection: 'keep-alive',
115 verbose headers   'x-served-by': 'cache-dfw18621-DFW',
115 verbose headers   'x-cache': 'HIT',
115 verbose headers   'x-cache-hits': '39',
115 verbose headers   'x-timer': 'S1514350504.197478,VS0,VE0',
115 verbose headers   vary: 'Accept-Encoding, Accept' }
116 silly get cb [ 200,
116 silly get   { 'content-type': 'application/json; charset=UTF-8',
116 silly get     server: 'UploadServer',
116 silly get     'cache-control': 'max-age=300',
116 silly get     'last-modified': 'Thu, 14 Dec 2017 2:22:35 GMT',
116 silly get     etag: '"5a31e06b-ef72"',
116 silly get     'content-encoding': 'gzip',
116 silly get     'content-length': '7855',
116 silly get     'accept-ranges': 'bytes',
116 silly get     date: 'Wed, 27 Dec 2017 04:55:04 GMT',
116 silly get     via: '1.1 varnish',
116 silly get     age: '8690',
116 silly get     connection: 'keep-alive',
116 silly get     'x-served-by': 'cache-dfw18621-DFW',
116 silly get     'x-cache': 'HIT',
116 silly get     'x-cache-hits': '39',
116 silly get     'x-timer': 'S1514350504.197478,VS0,VE0',
116 silly get     vary: 'Accept-Encoding, Accept' } ]
117 verbose get saving resolve to /home/henock/.npm/registry.npmjs.org/resolve/.cache.json
118 silly resolveWithNewModule grunt-known-options@1.1.0 checking installable status
119 silly cache add args [ 'grunt-known-options@~1.1.0', null ]
120 verbose cache add spec grunt-known-options@~1.1.0
121 silly cache add parsed spec Result {
121 silly cache add   raw: 'grunt-known-options@~1.1.0',
121 silly cache add   scope: null,
121 silly cache add   name: 'grunt-known-options',
121 silly cache add   rawSpec: '~1.1.0',
121 silly cache add   spec: '>=1.1.0 <1.2.0',
121 silly cache add   type: 'range' }
122 silly addNamed grunt-known-options@>=1.1.0 <1.2.0
123 verbose addNamed ">=1.1.0 <1.2.0" is a valid semver range for grunt-known-options
124 silly addNameRange { name: 'grunt-known-options',
124 silly addNameRange   range: '>=1.1.0 <1.2.0',
124 silly addNameRange   hasData: false }
125 silly mapToRegistry name grunt-known-options
126 silly mapToRegistry using default registry
127 silly mapToRegistry registry https://registry.npmjs.org/
128 silly mapToRegistry uri https://registry.npmjs.org/grunt-known-options
129 verbose addNameRange registry:https://registry.npmjs.org/grunt-known-options not in flight; fetching
130 silly resolveWithNewModule findup-sync@0.3.0 checking installable status
131 silly cache add args [ 'findup-sync@~0.3.0', null ]
132 verbose cache add spec findup-sync@~0.3.0
133 silly cache add parsed spec Result {
133 silly cache add   raw: 'findup-sync@~0.3.0',
133 silly cache add   scope: null,
133 silly cache add   name: 'findup-sync',
133 silly cache add   rawSpec: '~0.3.0',
133 silly cache add   spec: '>=0.3.0 <0.4.0',
133 silly cache add   type: 'range' }
134 silly addNamed findup-sync@>=0.3.0 <0.4.0
135 verbose addNamed ">=0.3.0 <0.4.0" is a valid semver range for findup-sync
136 silly addNameRange { name: 'findup-sync', range: '>=0.3.0 <0.4.0', hasData: false }
137 silly mapToRegistry name findup-sync
138 silly mapToRegistry using default registry
139 silly mapToRegistry registry https://registry.npmjs.org/
140 silly mapToRegistry uri https://registry.npmjs.org/findup-sync
141 verbose addNameRange registry:https://registry.npmjs.org/findup-sync not in flight; fetching
142 verbose get https://registry.npmjs.org/grunt-known-options not expired, no request
143 silly addNameRange number 2 { name: 'grunt-known-options',
143 silly addNameRange   range: '>=1.1.0 <1.2.0',
143 silly addNameRange   hasData: true }
144 silly addNameRange versions [ 'grunt-known-options', [ '1.0.0', '1.1.0' ] ]
145 silly addNamed grunt-known-options@1.1.0
146 verbose addNamed "1.1.0" is a plain semver version for grunt-known-options
147 silly resolveWithNewModule nopt@3.0.6 checking installable status
148 silly cache add args [ 'nopt@~3.0.6', null ]
149 verbose cache add spec nopt@~3.0.6
150 silly cache add parsed spec Result {
150 silly cache add   raw: 'nopt@~3.0.6',
150 silly cache add   scope: null,
150 silly cache add   name: 'nopt',
150 silly cache add   rawSpec: '~3.0.6',
150 silly cache add   spec: '>=3.0.6 <3.1.0',
150 silly cache add   type: 'range' }
151 silly addNamed nopt@>=3.0.6 <3.1.0
152 verbose addNamed ">=3.0.6 <3.1.0" is a valid semver range for nopt
153 silly addNameRange { name: 'nopt', range: '>=3.0.6 <3.1.0', hasData: false }
154 silly mapToRegistry name nopt
155 silly mapToRegistry using default registry
156 silly mapToRegistry registry https://registry.npmjs.org/
157 silly mapToRegistry uri https://registry.npmjs.org/nopt
158 verbose addNameRange registry:https://registry.npmjs.org/nopt not in flight; fetching
159 silly mapToRegistry name grunt-known-options
160 silly mapToRegistry using default registry
161 silly mapToRegistry registry https://registry.npmjs.org/
162 silly mapToRegistry uri https://registry.npmjs.org/grunt-known-options
163 verbose addRemoteTarball https://registry.npmjs.org/grunt-known-options/-/grunt-known-options-1.1.0.tgz not in flight; adding
164 verbose addRemoteTarball [ 'https://registry.npmjs.org/grunt-known-options/-/grunt-known-options-1.1.0.tgz',
164 verbose addRemoteTarball   'a4274eeb32fa765da5a7a3b1712617ce3b144149' ]
165 verbose get https://registry.npmjs.org/findup-sync not expired, no request
166 silly addNameRange number 2 { name: 'findup-sync', range: '>=0.3.0 <0.4.0', hasData: true }
167 silly addNameRange versions [ 'findup-sync',
167 silly addNameRange   [ '0.1.0',
167 silly addNameRange     '0.1.1',
167 silly addNameRange     '0.1.2',
167 silly addNameRange     '0.1.3',
167 silly addNameRange     '0.2.0',
167 silly addNameRange     '0.2.1',
167 silly addNameRange     '0.3.0',
167 silly addNameRange     '0.4.0',
167 silly addNameRange     '0.4.1',
167 silly addNameRange     '0.4.2',
167 silly addNameRange     '0.4.3',
167 silly addNameRange     '1.0.0',
167 silly addNameRange     '2.0.0' ] ]
168 silly addNamed findup-sync@0.3.0
169 verbose addNamed "0.3.0" is a plain semver version for findup-sync
170 silly mapToRegistry name findup-sync
171 silly mapToRegistry using default registry
172 silly mapToRegistry registry https://registry.npmjs.org/
173 silly mapToRegistry uri https://registry.npmjs.org/findup-sync
174 verbose addRemoteTarball https://registry.npmjs.org/findup-sync/-/findup-sync-0.3.0.tgz not in flight; adding
175 verbose addRemoteTarball [ 'https://registry.npmjs.org/findup-sync/-/findup-sync-0.3.0.tgz',
175 verbose addRemoteTarball   '37930aa5d816b777c03445e1966cc6790a4c0b16' ]
176 silly resolveWithNewModule resolve@1.1.7 checking installable status
177 silly cache add args [ 'resolve@~1.1.0', null ]
178 verbose cache add spec resolve@~1.1.0
179 silly cache add parsed spec Result {
179 silly cache add   raw: 'resolve@~1.1.0',
179 silly cache add   scope: null,
179 silly cache add   name: 'resolve',
179 silly cache add   rawSpec: '~1.1.0',
179 silly cache add   spec: '>=1.1.0 <1.2.0',
179 silly cache add   type: 'range' }
180 silly addNamed resolve@>=1.1.0 <1.2.0
181 verbose addNamed ">=1.1.0 <1.2.0" is a valid semver range for resolve
182 silly addNameRange { name: 'resolve', range: '>=1.1.0 <1.2.0', hasData: false }
183 silly mapToRegistry name resolve
184 silly mapToRegistry using default registry
185 silly mapToRegistry registry https://registry.npmjs.org/
186 silly mapToRegistry uri https://registry.npmjs.org/resolve
187 verbose addNameRange registry:https://registry.npmjs.org/resolve not in flight; fetching
188 info retry fetch attempt 1 at 9:55:04 PM
189 info attempt registry request try #1 at 9:55:04 PM
190 http fetch GET https://registry.npmjs.org/grunt-known-options/-/grunt-known-options-1.1.0.tgz
191 info retry fetch attempt 1 at 9:55:04 PM
192 info attempt registry request try #1 at 9:55:04 PM
193 http fetch GET https://registry.npmjs.org/findup-sync/-/findup-sync-0.3.0.tgz
194 verbose get https://registry.npmjs.org/nopt not expired, no request
195 silly addNameRange number 2 { name: 'nopt', range: '>=3.0.6 <3.1.0', hasData: true }
196 silly addNameRange versions [ 'nopt',
196 silly addNameRange   [ '1.0.0',
196 silly addNameRange     '1.0.1',
196 silly addNameRange     '1.0.2',
196 silly addNameRange     '1.0.3',
196 silly addNameRange     '1.0.4',
196 silly addNameRange     '1.0.5',
196 silly addNameRange     '1.0.6',
196 silly addNameRange     '1.0.7',
196 silly addNameRange     '1.0.8',
196 silly addNameRange     '1.0.9',
196 silly addNameRange     '1.0.10',
196 silly addNameRange     '2.0.0',
196 silly addNameRange     '2.1.0',
196 silly addNameRange     '2.1.1',
196 silly addNameRange     '2.1.2',
196 silly addNameRange     '2.2.0',
196 silly addNameRange     '2.2.1',
196 silly addNameRange     '3.0.0',
196 silly addNameRange     '3.0.1',
196 silly addNameRange     '3.0.2',
196 silly addNameRange     '3.0.3',
196 silly addNameRange     '3.0.4',
196 silly addNameRange     '3.0.5',
196 silly addNameRange     '3.0.6',
196 silly addNameRange     '4.0.0',
196 silly addNameRange     '4.0.1' ] ]
197 silly addNamed nopt@3.0.6
198 verbose addNamed "3.0.6" is a plain semver version for nopt
199 silly mapToRegistry name nopt
200 silly mapToRegistry using default registry
201 silly mapToRegistry registry https://registry.npmjs.org/
202 silly mapToRegistry uri https://registry.npmjs.org/nopt
203 verbose addRemoteTarball https://registry.npmjs.org/nopt/-/nopt-3.0.6.tgz not in flight; adding
204 verbose addRemoteTarball [ 'https://registry.npmjs.org/nopt/-/nopt-3.0.6.tgz',
204 verbose addRemoteTarball   'c6465dbf08abcd4db359317f79ac68a646b28ff9' ]
205 verbose get https://registry.npmjs.org/resolve not expired, no request
206 silly addNameRange number 2 { name: 'resolve', range: '>=1.1.0 <1.2.0', hasData: true }
207 silly addNameRange versions [ 'resolve',
207 silly addNameRange   [ '0.0.0',
207 silly addNameRange     '0.0.1',
207 silly addNameRange     '0.0.2',
207 silly addNameRange     '0.0.3',
207 silly addNameRange     '0.0.4',
207 silly addNameRange     '0.1.0',
207 silly addNameRange     '0.1.2',
207 silly addNameRange     '0.1.3',
207 silly addNameRange     '0.2.0',
207 silly addNameRange     '0.2.1',
207 silly addNameRange     '0.2.2',
207 silly addNameRange     '0.2.3',
207 silly addNameRange     '0.2.4',
207 silly addNameRange     '0.2.5',
207 silly addNameRange     '0.2.6',
207 silly addNameRange     '0.2.7',
207 silly addNameRange     '0.2.8',
207 silly addNameRange     '0.3.0',
207 silly addNameRange     '0.3.1',
207 silly addNameRange     '0.4.0',
207 silly addNameRange     '0.4.1',
207 silly addNameRange     '0.4.2',
207 silly addNameRange     '0.4.3',
207 silly addNameRange     '0.5.0',
207 silly addNameRange     '0.5.1',
207 silly addNameRange     '0.6.0',
207 silly addNameRange     '0.6.1',
207 silly addNameRange     '0.6.2',
207 silly addNameRange     '0.6.3',
207 silly addNameRange     '0.7.0',
207 silly addNameRange     '0.7.1',
207 silly addNameRange     '0.7.2',
207 silly addNameRange     '0.7.3',
207 silly addNameRange     '0.7.4',
207 silly addNameRange     '1.0.0',
207 silly addNameRange     '1.1.0',
207 silly addNameRange     '1.1.2',
207 silly addNameRange     '1.1.3',
207 silly addNameRange     '1.1.4',
207 silly addNameRange     '1.1.5',
207 silly addNameRange     '1.1.6',
207 silly addNameRange     '1.1.7',
207 silly addNameRange     '1.2.0',
207 silly addNameRange     '1.3.0',
207 silly addNameRange     '1.3.1',
207 silly addNameRange     '1.2.1',
207 silly addNameRange     '1.3.2',
207 silly addNameRange     '1.3.3',
207 silly addNameRange     '1.4.0',
207 silly addNameRange     '1.5.0' ] ]
208 silly addNamed resolve@1.1.7
209 verbose addNamed "1.1.7" is a plain semver version for resolve
210 silly mapToRegistry name resolve
211 silly mapToRegistry using default registry
212 silly mapToRegistry registry https://registry.npmjs.org/
213 silly mapToRegistry uri https://registry.npmjs.org/resolve
214 verbose addRemoteTarball https://registry.npmjs.org/resolve/-/resolve-1.1.7.tgz not in flight; adding
215 verbose addRemoteTarball [ 'https://registry.npmjs.org/resolve/-/resolve-1.1.7.tgz',
215 verbose addRemoteTarball   '203114d82ad2c5ed9e8e0411b3932875e889e97b' ]
216 info retry fetch attempt 1 at 9:55:04 PM
217 info attempt registry request try #1 at 9:55:04 PM
218 http fetch GET https://registry.npmjs.org/nopt/-/nopt-3.0.6.tgz
219 info retry fetch attempt 1 at 9:55:04 PM
220 info attempt registry request try #1 at 9:55:04 PM
221 http fetch GET https://registry.npmjs.org/resolve/-/resolve-1.1.7.tgz
222 http fetch 200 https://registry.npmjs.org/grunt-known-options/-/grunt-known-options-1.1.0.tgz
223 silly fetchAndShaCheck shasum a4274eeb32fa765da5a7a3b1712617ce3b144149
224 verbose addTmpTarball /tmp/npm-23151-549ab27b/registry.npmjs.org/grunt-known-options/-/grunt-known-options-1.1.0.tgz not in flight; adding
225 verbose addTmpTarball already have metadata; skipping unpack for grunt-known-options@1.1.0
226 silly cache afterAdd grunt-known-options@1.1.0
227 verbose afterAdd /home/henock/.npm/grunt-known-options/1.1.0/package/package.json not in flight; writing
228 verbose afterAdd /home/henock/.npm/grunt-known-options/1.1.0/package/package.json written
229 http fetch 200 https://registry.npmjs.org/findup-sync/-/findup-sync-0.3.0.tgz
230 silly fetchAndShaCheck shasum 37930aa5d816b777c03445e1966cc6790a4c0b16
231 verbose addTmpTarball /tmp/npm-23151-549ab27b/registry.npmjs.org/findup-sync/-/findup-sync-0.3.0.tgz not in flight; adding
232 verbose addTmpTarball already have metadata; skipping unpack for findup-sync@0.3.0
233 silly cache afterAdd findup-sync@0.3.0
234 verbose afterAdd /home/henock/.npm/findup-sync/0.3.0/package/package.json not in flight; writing
235 verbose afterAdd /home/henock/.npm/findup-sync/0.3.0/package/package.json written
236 http fetch 200 https://registry.npmjs.org/nopt/-/nopt-3.0.6.tgz
237 http fetch 200 https://registry.npmjs.org/resolve/-/resolve-1.1.7.tgz
238 silly fetchAndShaCheck shasum c6465dbf08abcd4db359317f79ac68a646b28ff9
239 silly fetchAndShaCheck shasum 203114d82ad2c5ed9e8e0411b3932875e889e97b
240 verbose addTmpTarball /tmp/npm-23151-549ab27b/registry.npmjs.org/resolve/-/resolve-1.1.7.tgz not in flight; adding
241 verbose addTmpTarball already have metadata; skipping unpack for resolve@1.1.7
242 verbose addTmpTarball /tmp/npm-23151-549ab27b/registry.npmjs.org/nopt/-/nopt-3.0.6.tgz not in flight; adding
243 verbose addTmpTarball already have metadata; skipping unpack for nopt@3.0.6
244 silly cache afterAdd nopt@3.0.6
245 verbose afterAdd /home/henock/.npm/nopt/3.0.6/package/package.json not in flight; writing
246 silly cache afterAdd resolve@1.1.7
247 verbose afterAdd /home/henock/.npm/resolve/1.1.7/package/package.json not in flight; writing
248 verbose afterAdd /home/henock/.npm/nopt/3.0.6/package/package.json written
249 verbose afterAdd /home/henock/.npm/resolve/1.1.7/package/package.json written
250 silly fetchNamedPackageData glob
251 silly mapToRegistry name glob
252 silly mapToRegistry using default registry
253 silly mapToRegistry registry https://registry.npmjs.org/
254 silly mapToRegistry uri https://registry.npmjs.org/glob
255 verbose request uri https://registry.npmjs.org/glob
256 verbose request no auth needed
257 info attempt registry request try #1 at 9:55:04 PM
258 http request GET https://registry.npmjs.org/glob
259 http 200 https://registry.npmjs.org/glob
260 verbose headers { 'content-type': 'application/json; charset=UTF-8',
260 verbose headers   server: 'UploadServer',
260 verbose headers   'cache-control': 'max-age=300',
260 verbose headers   'last-modified': 'Mon, 25 Dec 2017 9:04:34 GMT',
260 verbose headers   etag: '"5a40bf22-20100"',
260 verbose headers   'content-encoding': 'gzip',
260 verbose headers   'content-length': '18695',
260 verbose headers   'accept-ranges': 'bytes',
260 verbose headers   date: 'Wed, 27 Dec 2017 04:55:04 GMT',
260 verbose headers   via: '1.1 varnish',
260 verbose headers   age: '13717',
260 verbose headers   connection: 'keep-alive',
260 verbose headers   'x-served-by': 'cache-dfw18648-DFW',
260 verbose headers   'x-cache': 'HIT',
260 verbose headers   'x-cache-hits': '132',
260 verbose headers   'x-timer': 'S1514350505.663760,VS0,VE0',
260 verbose headers   vary: 'Accept-Encoding, Accept' }
261 silly get cb [ 200,
261 silly get   { 'content-type': 'application/json; charset=UTF-8',
261 silly get     server: 'UploadServer',
261 silly get     'cache-control': 'max-age=300',
261 silly get     'last-modified': 'Mon, 25 Dec 2017 9:04:34 GMT',
261 silly get     etag: '"5a40bf22-20100"',
261 silly get     'content-encoding': 'gzip',
261 silly get     'content-length': '18695',
261 silly get     'accept-ranges': 'bytes',
261 silly get     date: 'Wed, 27 Dec 2017 04:55:04 GMT',
261 silly get     via: '1.1 varnish',
261 silly get     age: '13717',
261 silly get     connection: 'keep-alive',
261 silly get     'x-served-by': 'cache-dfw18648-DFW',
261 silly get     'x-cache': 'HIT',
261 silly get     'x-cache-hits': '132',
261 silly get     'x-timer': 'S1514350505.663760,VS0,VE0',
261 silly get     vary: 'Accept-Encoding, Accept' } ]
262 verbose get saving glob to /home/henock/.npm/registry.npmjs.org/glob/.cache.json
263 silly resolveWithNewModule glob@5.0.15 checking installable status
264 silly cache add args [ 'glob@~5.0.0', null ]
265 verbose cache add spec glob@~5.0.0
266 silly cache add parsed spec Result {
266 silly cache add   raw: 'glob@~5.0.0',
266 silly cache add   scope: null,
266 silly cache add   name: 'glob',
266 silly cache add   rawSpec: '~5.0.0',
266 silly cache add   spec: '>=5.0.0 <5.1.0',
266 silly cache add   type: 'range' }
267 silly addNamed glob@>=5.0.0 <5.1.0
268 verbose addNamed ">=5.0.0 <5.1.0" is a valid semver range for glob
269 silly addNameRange { name: 'glob', range: '>=5.0.0 <5.1.0', hasData: false }
270 silly mapToRegistry name glob
271 silly mapToRegistry using default registry
272 silly mapToRegistry registry https://registry.npmjs.org/
273 silly mapToRegistry uri https://registry.npmjs.org/glob
274 verbose addNameRange registry:https://registry.npmjs.org/glob not in flight; fetching
275 verbose get https://registry.npmjs.org/glob not expired, no request
276 silly addNameRange number 2 { name: 'glob', range: '>=5.0.0 <5.1.0', hasData: true }
277 silly addNameRange versions [ 'glob',
277 silly addNameRange   [ '1.1.0',
277 silly addNameRange     '2.0.9',
277 silly addNameRange     '2.0.8',
277 silly addNameRange     '2.0.7',
277 silly addNameRange     '2.1.0',
277 silly addNameRange     '3.0.0',
277 silly addNameRange     '3.0.1',
277 silly addNameRange     '3.1.0',
277 silly addNameRange     '3.1.1',
277 silly addNameRange     '3.1.2',
277 silly addNameRange     '3.1.3',
277 silly addNameRange     '3.1.4',
277 silly addNameRange     '3.1.5',
277 silly addNameRange     '3.1.6',
277 silly addNameRange     '3.1.7',
277 silly addNameRange     '3.1.9',
277 silly addNameRange     '3.1.10',
277 silly addNameRange     '3.1.11',
277 silly addNameRange     '3.1.12',
277 silly addNameRange     '3.1.13',
277 silly addNameRange     '3.1.14',
277 silly addNameRange     '3.1.15',
277 silly addNameRange     '3.1.16',
277 silly addNameRange     '3.1.17',
277 silly addNameRange     '3.1.18',
277 silly addNameRange     '3.1.19',
277 silly addNameRange     '3.1.20',
277 silly addNameRange     '3.1.21',
277 silly addNameRange     '3.2.0',
277 silly addNameRange     '3.2.1',
277 silly addNameRange     '3.2.3',
277 silly addNameRange     '3.2.4',
277 silly addNameRange     '3.2.5',
277 silly addNameRange     '3.2.6',
277 silly addNameRange     '3.2.7',
277 silly addNameRange     '3.2.8',
277 silly addNameRange     '3.2.9',
277 silly addNameRange     '3.2.10',
277 silly addNameRange     '3.2.11',
277 silly addNameRange     '4.0.0',
277 silly addNameRange     '4.0.1',
277 silly addNameRange     '4.0.2',
277 silly addNameRange     '4.0.3',
277 silly addNameRange     '4.0.4',
277 silly addNameRange     '4.0.5',
277 silly addNameRange     '4.0.6',
277 silly addNameRange     '4.1.2-beta',
277 silly addNameRange     '4.1.2',
277 silly addNameRange     '4.1.3',
277 silly addNameRange     '4.1.4',
277 silly addNameRange     '4.1.5',
277 silly addNameRange     '4.1.6',
277 silly addNameRange     '4.2.0',
277 silly addNameRange     '4.2.1',
277 silly addNameRange     '4.2.2',
277 silly addNameRange     '4.3.0',
277 silly addNameRange     '4.3.1',
277 silly addNameRange     '4.3.2',
277 silly addNameRange     '4.3.3',
277 silly addNameRange     '4.3.4',
277 silly addNameRange     '4.3.5',
277 silly addNameRange     '4.4.0',
277 silly addNameRange     '4.4.2',
277 silly addNameRange     '4.5.0',
277 silly addNameRange     '5.0.0',
277 silly addNameRange     '4.5.1',
277 silly addNameRange     '5.0.1',
277 silly addNameRange     '4.5.2',
277 silly addNameRange     '5.0.2',
277 silly addNameRange     '4.5.3',
277 silly addNameRange     '5.0.3',
277 silly addNameRange     '5.0.4',
277 silly addNameRange     '5.0.5',
277 silly addNameRange     '5.0.6',
277 silly addNameRange     '5.0.7',
277 silly addNameRange     '5.0.9',
277 silly addNameRange     '5.0.10',
277 silly addNameRange     '5.0.11',
277 silly addNameRange     '5.0.12',
277 silly addNameRange     '5.0.13',
277 silly addNameRange     '5.0.14',
277 silly addNameRange     '5.0.15',
277 silly addNameRange     '6.0.1',
277 silly addNameRange     '6.0.2',
277 silly addNameRange     '6.0.3',
277 silly addNameRange     '6.0.4',
277 silly addNameRange     '7.0.0',
277 silly addNameRange     '7.0.1',
277 silly addNameRange     '7.0.3',
277 silly addNameRange     '7.0.4',
277 silly addNameRange     '7.0.5',
277 silly addNameRange     '7.0.6',
277 silly addNameRange     '7.1.0',
277 silly addNameRange     '7.1.1',
277 silly addNameRange     '7.1.2' ] ]
278 silly addNamed glob@5.0.15
279 verbose addNamed "5.0.15" is a plain semver version for glob
280 silly mapToRegistry name glob
281 silly mapToRegistry using default registry
282 silly mapToRegistry registry https://registry.npmjs.org/
283 silly mapToRegistry uri https://registry.npmjs.org/glob
284 verbose addRemoteTarball https://registry.npmjs.org/glob/-/glob-5.0.15.tgz not in flight; adding
285 verbose addRemoteTarball [ 'https://registry.npmjs.org/glob/-/glob-5.0.15.tgz',
285 verbose addRemoteTarball   '1bc936b9e02f4a603fcc222ecf7633d30b8b93b1' ]
286 info retry fetch attempt 1 at 9:55:04 PM
287 info attempt registry request try #1 at 9:55:04 PM
288 http fetch GET https://registry.npmjs.org/glob/-/glob-5.0.15.tgz
289 http fetch 200 https://registry.npmjs.org/glob/-/glob-5.0.15.tgz
290 silly fetchAndShaCheck shasum 1bc936b9e02f4a603fcc222ecf7633d30b8b93b1
291 verbose addTmpTarball /tmp/npm-23151-549ab27b/registry.npmjs.org/glob/-/glob-5.0.15.tgz not in flight; adding
292 verbose addTmpTarball already have metadata; skipping unpack for glob@5.0.15
293 silly cache afterAdd glob@5.0.15
294 verbose afterAdd /home/henock/.npm/glob/5.0.15/package/package.json not in flight; writing
295 verbose afterAdd /home/henock/.npm/glob/5.0.15/package/package.json written
296 silly fetchNamedPackageData inflight
297 silly mapToRegistry name inflight
298 silly mapToRegistry using default registry
299 silly mapToRegistry registry https://registry.npmjs.org/
300 silly mapToRegistry uri https://registry.npmjs.org/inflight
301 silly fetchNamedPackageData inherits
302 silly mapToRegistry name inherits
303 silly mapToRegistry using default registry
304 silly mapToRegistry registry https://registry.npmjs.org/
305 silly mapToRegistry uri https://registry.npmjs.org/inherits
306 silly fetchNamedPackageData minimatch
307 silly mapToRegistry name minimatch
308 silly mapToRegistry using default registry
309 silly mapToRegistry registry https://registry.npmjs.org/
310 silly mapToRegistry uri https://registry.npmjs.org/minimatch
311 silly fetchNamedPackageData once
312 silly mapToRegistry name once
313 silly mapToRegistry using default registry
314 silly mapToRegistry registry https://registry.npmjs.org/
315 silly mapToRegistry uri https://registry.npmjs.org/once
316 silly fetchNamedPackageData path-is-absolute
317 silly mapToRegistry name path-is-absolute
318 silly mapToRegistry using default registry
319 silly mapToRegistry registry https://registry.npmjs.org/
320 silly mapToRegistry uri https://registry.npmjs.org/path-is-absolute
321 verbose request uri https://registry.npmjs.org/inflight
322 verbose request no auth needed
323 info attempt registry request try #1 at 9:55:04 PM
324 http request GET https://registry.npmjs.org/inflight
325 verbose request uri https://registry.npmjs.org/inherits
326 verbose request no auth needed
327 info attempt registry request try #1 at 9:55:04 PM
328 http request GET https://registry.npmjs.org/inherits
329 verbose request uri https://registry.npmjs.org/minimatch
330 verbose request no auth needed
331 info attempt registry request try #1 at 9:55:04 PM
332 http request GET https://registry.npmjs.org/minimatch
333 verbose request uri https://registry.npmjs.org/once
334 verbose request no auth needed
335 info attempt registry request try #1 at 9:55:04 PM
336 http request GET https://registry.npmjs.org/once
337 verbose request uri https://registry.npmjs.org/path-is-absolute
338 verbose request no auth needed
339 info attempt registry request try #1 at 9:55:04 PM
340 http request GET https://registry.npmjs.org/path-is-absolute
341 http 200 https://registry.npmjs.org/inflight
342 verbose headers { 'content-type': 'application/json; charset=UTF-8',
342 verbose headers   server: 'UploadServer',
342 verbose headers   'cache-control': 'max-age=300',
342 verbose headers   'last-modified': 'Fri, 13 Oct 2017 22:50:17 GMT',
342 verbose headers   etag: '"59e14329-25b8"',
342 verbose headers   'content-encoding': 'gzip',
342 verbose headers   'content-length': '2036',
342 verbose headers   'accept-ranges': 'bytes',
342 verbose headers   date: 'Wed, 27 Dec 2017 04:55:05 GMT',
342 verbose headers   via: '1.1 varnish',
342 verbose headers   age: '3249',
342 verbose headers   connection: 'keep-alive',
342 verbose headers   'x-served-by': 'cache-dfw18621-DFW',
342 verbose headers   'x-cache': 'HIT',
342 verbose headers   'x-cache-hits': '25',
342 verbose headers   'x-timer': 'S1514350505.015288,VS0,VE0',
342 verbose headers   vary: 'Accept-Encoding, Accept' }
343 silly get cb [ 200,
343 silly get   { 'content-type': 'application/json; charset=UTF-8',
343 silly get     server: 'UploadServer',
343 silly get     'cache-control': 'max-age=300',
343 silly get     'last-modified': 'Fri, 13 Oct 2017 22:50:17 GMT',
343 silly get     etag: '"59e14329-25b8"',
343 silly get     'content-encoding': 'gzip',
343 silly get     'content-length': '2036',
343 silly get     'accept-ranges': 'bytes',
343 silly get     date: 'Wed, 27 Dec 2017 04:55:05 GMT',
343 silly get     via: '1.1 varnish',
343 silly get     age: '3249',
343 silly get     connection: 'keep-alive',
343 silly get     'x-served-by': 'cache-dfw18621-DFW',
343 silly get     'x-cache': 'HIT',
343 silly get     'x-cache-hits': '25',
343 silly get     'x-timer': 'S1514350505.015288,VS0,VE0',
343 silly get     vary: 'Accept-Encoding, Accept' } ]
344 verbose get saving inflight to /home/henock/.npm/registry.npmjs.org/inflight/.cache.json
345 http 200 https://registry.npmjs.org/once
346 verbose headers { 'content-type': 'application/json; charset=UTF-8',
346 verbose headers   server: 'UploadServer',
346 verbose headers   'cache-control': 'max-age=300',
346 verbose headers   'last-modified': 'Wed, 11 Oct 2017 15:49:23 GMT',
346 verbose headers   etag: '"59de3d83-25f6"',
346 verbose headers   'content-encoding': 'gzip',
346 verbose headers   'content-length': '2446',
346 verbose headers   'accept-ranges': 'bytes',
346 verbose headers   date: 'Wed, 27 Dec 2017 04:55:05 GMT',
346 verbose headers   via: '1.1 varnish',
346 verbose headers   age: '12172',
346 verbose headers   connection: 'keep-alive',
346 verbose headers   'x-served-by': 'cache-dfw18651-DFW',
346 verbose headers   'x-cache': 'HIT',
346 verbose headers   'x-cache-hits': '87',
346 verbose headers   'x-timer': 'S1514350505.031240,VS0,VE0',
346 verbose headers   vary: 'Accept-Encoding, Accept' }
347 silly get cb [ 200,
347 silly get   { 'content-type': 'application/json; charset=UTF-8',
347 silly get     server: 'UploadServer',
347 silly get     'cache-control': 'max-age=300',
347 silly get     'last-modified': 'Wed, 11 Oct 2017 15:49:23 GMT',
347 silly get     etag: '"59de3d83-25f6"',
347 silly get     'content-encoding': 'gzip',
347 silly get     'content-length': '2446',
347 silly get     'accept-ranges': 'bytes',
347 silly get     date: 'Wed, 27 Dec 2017 04:55:05 GMT',
347 silly get     via: '1.1 varnish',
347 silly get     age: '12172',
347 silly get     connection: 'keep-alive',
347 silly get     'x-served-by': 'cache-dfw18651-DFW',
347 silly get     'x-cache': 'HIT',
347 silly get     'x-cache-hits': '87',
347 silly get     'x-timer': 'S1514350505.031240,VS0,VE0',
347 silly get     vary: 'Accept-Encoding, Accept' } ]
348 verbose get saving once to /home/henock/.npm/registry.npmjs.org/once/.cache.json
349 silly resolveWithNewModule inflight@1.0.6 checking installable status
350 silly cache add args [ 'inflight@^1.0.4', null ]
351 verbose cache add spec inflight@^1.0.4
352 silly cache add parsed spec Result {
352 silly cache add   raw: 'inflight@^1.0.4',
352 silly cache add   scope: null,
352 silly cache add   name: 'inflight',
352 silly cache add   rawSpec: '^1.0.4',
352 silly cache add   spec: '>=1.0.4 <2.0.0',
352 silly cache add   type: 'range' }
353 silly addNamed inflight@>=1.0.4 <2.0.0
354 verbose addNamed ">=1.0.4 <2.0.0" is a valid semver range for inflight
355 silly addNameRange { name: 'inflight', range: '>=1.0.4 <2.0.0', hasData: false }
356 silly mapToRegistry name inflight
357 silly mapToRegistry using default registry
358 silly mapToRegistry registry https://registry.npmjs.org/
359 silly mapToRegistry uri https://registry.npmjs.org/inflight
360 verbose addNameRange registry:https://registry.npmjs.org/inflight not in flight; fetching
361 http 200 https://registry.npmjs.org/inherits
362 verbose headers { 'content-type': 'application/json; charset=UTF-8',
362 verbose headers   server: 'UploadServer',
362 verbose headers   'cache-control': 'max-age=300',
362 verbose headers   'last-modified': 'Tue, 24 Oct 2017 23:49:01 GMT',
362 verbose headers   etag: '"59efd16d-2246"',
362 verbose headers   'content-encoding': 'gzip',
362 verbose headers   'content-length': '2475',
362 verbose headers   'accept-ranges': 'bytes',
362 verbose headers   date: 'Wed, 27 Dec 2017 04:55:05 GMT',
362 verbose headers   via: '1.1 varnish',
362 verbose headers   age: '12045',
362 verbose headers   connection: 'keep-alive',
362 verbose headers   'x-served-by': 'cache-dfw18624-DFW',
362 verbose headers   'x-cache': 'HIT',
362 verbose headers   'x-cache-hits': '216',
362 verbose headers   'x-timer': 'S1514350505.037904,VS0,VE0',
362 verbose headers   vary: 'Accept-Encoding, Accept' }
363 silly get cb [ 200,
363 silly get   { 'content-type': 'application/json; charset=UTF-8',
363 silly get     server: 'UploadServer',
363 silly get     'cache-control': 'max-age=300',
363 silly get     'last-modified': 'Tue, 24 Oct 2017 23:49:01 GMT',
363 silly get     etag: '"59efd16d-2246"',
363 silly get     'content-encoding': 'gzip',
363 silly get     'content-length': '2475',
363 silly get     'accept-ranges': 'bytes',
363 silly get     date: 'Wed, 27 Dec 2017 04:55:05 GMT',
363 silly get     via: '1.1 varnish',
363 silly get     age: '12045',
363 silly get     connection: 'keep-alive',
363 silly get     'x-served-by': 'cache-dfw18624-DFW',
363 silly get     'x-cache': 'HIT',
363 silly get     'x-cache-hits': '216',
363 silly get     'x-timer': 'S1514350505.037904,VS0,VE0',
363 silly get     vary: 'Accept-Encoding, Accept' } ]
364 verbose get saving inherits to /home/henock/.npm/registry.npmjs.org/inherits/.cache.json
365 verbose get https://registry.npmjs.org/inflight not expired, no request
366 silly addNameRange number 2 { name: 'inflight', range: '>=1.0.4 <2.0.0', hasData: true }
367 silly addNameRange versions [ 'inflight',
367 silly addNameRange   [ '1.0.0', '1.0.1', '1.0.2', '1.0.3', '1.0.4', '1.0.5', '1.0.6' ] ]
368 silly addNamed inflight@1.0.6
369 verbose addNamed "1.0.6" is a plain semver version for inflight
370 silly mapToRegistry name inflight
371 silly mapToRegistry using default registry
372 silly mapToRegistry registry https://registry.npmjs.org/
373 silly mapToRegistry uri https://registry.npmjs.org/inflight
374 verbose addRemoteTarball https://registry.npmjs.org/inflight/-/inflight-1.0.6.tgz not in flight; adding
375 verbose addRemoteTarball [ 'https://registry.npmjs.org/inflight/-/inflight-1.0.6.tgz',
375 verbose addRemoteTarball   '49bd6331d7d02d0c09bc910a1075ba8165b56df9' ]
376 silly resolveWithNewModule once@1.4.0 checking installable status
377 silly cache add args [ 'once@^1.3.0', null ]
378 verbose cache add spec once@^1.3.0
379 silly cache add parsed spec Result {
379 silly cache add   raw: 'once@^1.3.0',
379 silly cache add   scope: null,
379 silly cache add   name: 'once',
379 silly cache add   rawSpec: '^1.3.0',
379 silly cache add   spec: '>=1.3.0 <2.0.0',
379 silly cache add   type: 'range' }
380 silly addNamed once@>=1.3.0 <2.0.0
381 verbose addNamed ">=1.3.0 <2.0.0" is a valid semver range for once
382 silly addNameRange { name: 'once', range: '>=1.3.0 <2.0.0', hasData: false }
383 silly mapToRegistry name once
384 silly mapToRegistry using default registry
385 silly mapToRegistry registry https://registry.npmjs.org/
386 silly mapToRegistry uri https://registry.npmjs.org/once
387 verbose addNameRange registry:https://registry.npmjs.org/once not in flight; fetching
388 info retry fetch attempt 1 at 9:55:05 PM
389 info attempt registry request try #1 at 9:55:05 PM
390 http fetch GET https://registry.npmjs.org/inflight/-/inflight-1.0.6.tgz
391 verbose get https://registry.npmjs.org/once not expired, no request
392 silly addNameRange number 2 { name: 'once', range: '>=1.3.0 <2.0.0', hasData: true }
393 silly addNameRange versions [ 'once',
393 silly addNameRange   [ '1.1.1', '1.2.0', '1.3.0', '1.3.1', '1.3.2', '1.3.3', '1.4.0' ] ]
394 silly addNamed once@1.4.0
395 verbose addNamed "1.4.0" is a plain semver version for once
396 silly mapToRegistry name once
397 silly mapToRegistry using default registry
398 silly mapToRegistry registry https://registry.npmjs.org/
399 silly mapToRegistry uri https://registry.npmjs.org/once
400 verbose addRemoteTarball https://registry.npmjs.org/once/-/once-1.4.0.tgz not in flight; adding
401 verbose addRemoteTarball [ 'https://registry.npmjs.org/once/-/once-1.4.0.tgz',
401 verbose addRemoteTarball   '583b1aa775961d4b113ac17d9c50baef9dd76bd1' ]
402 silly resolveWithNewModule inherits@2.0.3 checking installable status
403 silly cache add args [ 'inherits@2', null ]
404 verbose cache add spec inherits@2
405 silly cache add parsed spec Result {
405 silly cache add   raw: 'inherits@2',
405 silly cache add   scope: null,
405 silly cache add   name: 'inherits',
405 silly cache add   rawSpec: '2',
405 silly cache add   spec: '>=2.0.0 <3.0.0',
405 silly cache add   type: 'range' }
406 silly addNamed inherits@>=2.0.0 <3.0.0
407 verbose addNamed ">=2.0.0 <3.0.0" is a valid semver range for inherits
408 silly addNameRange { name: 'inherits', range: '>=2.0.0 <3.0.0', hasData: false }
409 silly mapToRegistry name inherits
410 silly mapToRegistry using default registry
411 silly mapToRegistry registry https://registry.npmjs.org/
412 silly mapToRegistry uri https://registry.npmjs.org/inherits
413 verbose addNameRange registry:https://registry.npmjs.org/inherits not in flight; fetching
414 http 200 https://registry.npmjs.org/minimatch
415 verbose headers { 'content-type': 'application/json; charset=UTF-8',
415 verbose headers   server: 'UploadServer',
415 verbose headers   'cache-control': 'max-age=300',
415 verbose headers   'last-modified': 'Mon, 4 Dec 2017 7:44:10 GMT',
415 verbose headers   etag: '"5a24fcca-d240"',
415 verbose headers   'content-encoding': 'gzip',
415 verbose headers   'content-length': '8216',
415 verbose headers   'accept-ranges': 'bytes',
415 verbose headers   date: 'Wed, 27 Dec 2017 04:55:05 GMT',
415 verbose headers   via: '1.1 varnish',
415 verbose headers   age: '11922',
415 verbose headers   connection: 'keep-alive',
415 verbose headers   'x-served-by': 'cache-dfw18646-DFW',
415 verbose headers   'x-cache': 'HIT',
415 verbose headers   'x-cache-hits': '127',
415 verbose headers   'x-timer': 'S1514350505.049685,VS0,VE0',
415 verbose headers   vary: 'Accept-Encoding, Accept' }
416 silly get cb [ 200,
416 silly get   { 'content-type': 'application/json; charset=UTF-8',
416 silly get     server: 'UploadServer',
416 silly get     'cache-control': 'max-age=300',
416 silly get     'last-modified': 'Mon, 4 Dec 2017 7:44:10 GMT',
416 silly get     etag: '"5a24fcca-d240"',
416 silly get     'content-encoding': 'gzip',
416 silly get     'content-length': '8216',
416 silly get     'accept-ranges': 'bytes',
416 silly get     date: 'Wed, 27 Dec 2017 04:55:05 GMT',
416 silly get     via: '1.1 varnish',
416 silly get     age: '11922',
416 silly get     connection: 'keep-alive',
416 silly get     'x-served-by': 'cache-dfw18646-DFW',
416 silly get     'x-cache': 'HIT',
416 silly get     'x-cache-hits': '127',
416 silly get     'x-timer': 'S1514350505.049685,VS0,VE0',
416 silly get     vary: 'Accept-Encoding, Accept' } ]
417 verbose get saving minimatch to /home/henock/.npm/registry.npmjs.org/minimatch/.cache.json
418 http 200 https://registry.npmjs.org/path-is-absolute
419 verbose headers { 'content-type': 'application/json; charset=UTF-8',
419 verbose headers   server: 'UploadServer',
419 verbose headers   'cache-control': 'max-age=300',
419 verbose headers   'last-modified': 'Fri, 7 Apr 2017 11:05:54 GMT',
419 verbose headers   etag: '"58e77292-133a"',
419 verbose headers   'content-encoding': 'gzip',
419 verbose headers   'content-length': '1397',
419 verbose headers   'accept-ranges': 'bytes',
419 verbose headers   date: 'Wed, 27 Dec 2017 04:55:05 GMT',
419 verbose headers   via: '1.1 varnish',
419 verbose headers   age: '12168',
419 verbose headers   connection: 'keep-alive',
419 verbose headers   'x-served-by': 'cache-dfw18628-DFW',
419 verbose headers   'x-cache': 'HIT',
419 verbose headers   'x-cache-hits': '101',
419 verbose headers   'x-timer': 'S1514350505.055555,VS0,VE0',
419 verbose headers   vary: 'Accept-Encoding, Accept' }
420 silly get cb [ 200,
420 silly get   { 'content-type': 'application/json; charset=UTF-8',
420 silly get     server: 'UploadServer',
420 silly get     'cache-control': 'max-age=300',
420 silly get     'last-modified': 'Fri, 7 Apr 2017 11:05:54 GMT',
420 silly get     etag: '"58e77292-133a"',
420 silly get     'content-encoding': 'gzip',
420 silly get     'content-length': '1397',
420 silly get     'accept-ranges': 'bytes',
420 silly get     date: 'Wed, 27 Dec 2017 04:55:05 GMT',
420 silly get     via: '1.1 varnish',
420 silly get     age: '12168',
420 silly get     connection: 'keep-alive',
420 silly get     'x-served-by': 'cache-dfw18628-DFW',
420 silly get     'x-cache': 'HIT',
420 silly get     'x-cache-hits': '101',
420 silly get     'x-timer': 'S1514350505.055555,VS0,VE0',
420 silly get     vary: 'Accept-Encoding, Accept' } ]
421 verbose get saving path-is-absolute to /home/henock/.npm/registry.npmjs.org/path-is-absolute/.cache.json
422 info retry fetch attempt 1 at 9:55:05 PM
423 info attempt registry request try #1 at 9:55:05 PM
424 http fetch GET https://registry.npmjs.org/once/-/once-1.4.0.tgz
425 verbose get https://registry.npmjs.org/inherits not expired, no request
426 silly addNameRange number 2 { name: 'inherits', range: '>=2.0.0 <3.0.0', hasData: true }
427 silly addNameRange versions [ 'inherits',
427 silly addNameRange   [ '1.0.0', '2.0.0', '2.0.1', '1.0.1', '1.0.2', '2.0.3' ] ]
428 silly addNamed inherits@2.0.3
429 verbose addNamed "2.0.3" is a plain semver version for inherits
430 silly mapToRegistry name inherits
431 silly mapToRegistry using default registry
432 silly mapToRegistry registry https://registry.npmjs.org/
433 silly mapToRegistry uri https://registry.npmjs.org/inherits
434 verbose addRemoteTarball https://registry.npmjs.org/inherits/-/inherits-2.0.3.tgz not in flight; adding
435 verbose addRemoteTarball [ 'https://registry.npmjs.org/inherits/-/inherits-2.0.3.tgz',
435 verbose addRemoteTarball   '633c2c83e3da42a502f52466022480f4208261de' ]
436 info retry fetch attempt 1 at 9:55:05 PM
437 info attempt registry request try #1 at 9:55:05 PM
438 http fetch GET https://registry.npmjs.org/inherits/-/inherits-2.0.3.tgz
439 silly resolveWithNewModule path-is-absolute@1.0.1 checking installable status
440 silly cache add args [ 'path-is-absolute@^1.0.0', null ]
441 verbose cache add spec path-is-absolute@^1.0.0
442 silly cache add parsed spec Result {
442 silly cache add   raw: 'path-is-absolute@^1.0.0',
442 silly cache add   scope: null,
442 silly cache add   name: 'path-is-absolute',
442 silly cache add   rawSpec: '^1.0.0',
442 silly cache add   spec: '>=1.0.0 <2.0.0',
442 silly cache add   type: 'range' }
443 silly addNamed path-is-absolute@>=1.0.0 <2.0.0
444 verbose addNamed ">=1.0.0 <2.0.0" is a valid semver range for path-is-absolute
445 silly addNameRange { name: 'path-is-absolute',
445 silly addNameRange   range: '>=1.0.0 <2.0.0',
445 silly addNameRange   hasData: false }
446 silly mapToRegistry name path-is-absolute
447 silly mapToRegistry using default registry
448 silly mapToRegistry registry https://registry.npmjs.org/
449 silly mapToRegistry uri https://registry.npmjs.org/path-is-absolute
450 verbose addNameRange registry:https://registry.npmjs.org/path-is-absolute not in flight; fetching
451 silly resolveWithNewModule minimatch@3.0.4 checking installable status
452 silly cache add args [ 'minimatch@2 || 3', null ]
453 verbose cache add spec minimatch@2 || 3
454 silly cache add parsed spec Result {
454 silly cache add   raw: 'minimatch@2 || 3',
454 silly cache add   scope: null,
454 silly cache add   name: 'minimatch',
454 silly cache add   rawSpec: '2 || 3',
454 silly cache add   spec: '>=2.0.0 <3.0.0||>=3.0.0 <4.0.0',
454 silly cache add   type: 'range' }
455 silly addNamed minimatch@>=2.0.0 <3.0.0||>=3.0.0 <4.0.0
456 verbose addNamed ">=2.0.0 <3.0.0||>=3.0.0 <4.0.0" is a valid semver range for minimatch
457 silly addNameRange { name: 'minimatch',
457 silly addNameRange   range: '>=2.0.0 <3.0.0||>=3.0.0 <4.0.0',
457 silly addNameRange   hasData: false }
458 silly mapToRegistry name minimatch
459 silly mapToRegistry using default registry
460 silly mapToRegistry registry https://registry.npmjs.org/
461 silly mapToRegistry uri https://registry.npmjs.org/minimatch
462 verbose addNameRange registry:https://registry.npmjs.org/minimatch not in flight; fetching
463 verbose get https://registry.npmjs.org/minimatch not expired, no request
464 silly addNameRange number 2 { name: 'minimatch',
464 silly addNameRange   range: '>=2.0.0 <3.0.0||>=3.0.0 <4.0.0',
464 silly addNameRange   hasData: true }
465 silly addNameRange versions [ 'minimatch',
465 silly addNameRange   [ '0.0.1',
465 silly addNameRange     '0.0.2',
465 silly addNameRange     '0.0.4',
465 silly addNameRange     '0.0.5',
465 silly addNameRange     '0.1.1',
465 silly addNameRange     '0.1.2',
465 silly addNameRange     '0.1.3',
465 silly addNameRange     '0.1.4',
465 silly addNameRange     '0.1.5',
465 silly addNameRange     '0.2.0',
465 silly addNameRange     '0.2.2',
465 silly addNameRange     '0.2.3',
465 silly addNameRange     '0.2.4',
465 silly addNameRange     '0.2.5',
465 silly addNameRange     '0.2.6',
465 silly addNameRange     '0.2.7',
465 silly addNameRange     '0.2.8',
465 silly addNameRange     '0.2.9',
465 silly addNameRange     '0.2.10',
465 silly addNameRange     '0.2.11',
465 silly addNameRange     '0.2.12',
465 silly addNameRange     '0.2.13',
465 silly addNameRange     '0.2.14',
465 silly addNameRange     '0.3.0',
465 silly addNameRange     '0.4.0',
465 silly addNameRange     '1.0.0',
465 silly addNameRange     '2.0.0',
465 silly addNameRange     '2.0.1',
465 silly addNameRange     '2.0.2',
465 silly addNameRange     '2.0.3',
465 silly addNameRange     '2.0.4',
465 silly addNameRange     '2.0.5',
465 silly addNameRange     '2.0.6',
465 silly addNameRange     '2.0.7',
465 silly addNameRange     '2.0.8',
465 silly addNameRange     '2.0.9',
465 silly addNameRange     '2.0.10',
465 silly addNameRange     '3.0.0',
465 silly addNameRange     '3.0.2',
465 silly addNameRange     '3.0.3',
465 silly addNameRange     '3.0.4' ] ]
466 silly addNamed minimatch@3.0.4
467 verbose addNamed "3.0.4" is a plain semver version for minimatch
468 verbose get https://registry.npmjs.org/path-is-absolute not expired, no request
469 silly addNameRange number 2 { name: 'path-is-absolute',
469 silly addNameRange   range: '>=1.0.0 <2.0.0',
469 silly addNameRange   hasData: true }
470 silly addNameRange versions [ 'path-is-absolute', [ '1.0.0', '1.0.1' ] ]
471 silly addNamed path-is-absolute@1.0.1
472 verbose addNamed "1.0.1" is a plain semver version for path-is-absolute
473 silly mapToRegistry name minimatch
474 silly mapToRegistry using default registry
475 silly mapToRegistry registry https://registry.npmjs.org/
476 silly mapToRegistry uri https://registry.npmjs.org/minimatch
477 verbose addRemoteTarball https://registry.npmjs.org/minimatch/-/minimatch-3.0.4.tgz not in flight; adding
478 verbose addRemoteTarball [ 'https://registry.npmjs.org/minimatch/-/minimatch-3.0.4.tgz',
478 verbose addRemoteTarball   '5166e286457f03306064be5497e8dbb0c3d32083' ]
479 silly mapToRegistry name path-is-absolute
480 silly mapToRegistry using default registry
481 silly mapToRegistry registry https://registry.npmjs.org/
482 silly mapToRegistry uri https://registry.npmjs.org/path-is-absolute
483 verbose addRemoteTarball https://registry.npmjs.org/path-is-absolute/-/path-is-absolute-1.0.1.tgz not in flight; adding
484 verbose addRemoteTarball [ 'https://registry.npmjs.org/path-is-absolute/-/path-is-absolute-1.0.1.tgz',
484 verbose addRemoteTarball   '174b9268735534ffbc7ace6bf53a5a9e1b5c5f5f' ]
485 info retry fetch attempt 1 at 9:55:05 PM
486 info attempt registry request try #1 at 9:55:05 PM
487 http fetch GET https://registry.npmjs.org/minimatch/-/minimatch-3.0.4.tgz
488 info retry fetch attempt 1 at 9:55:05 PM
489 info attempt registry request try #1 at 9:55:05 PM
490 http fetch GET https://registry.npmjs.org/path-is-absolute/-/path-is-absolute-1.0.1.tgz
491 http fetch 200 https://registry.npmjs.org/inflight/-/inflight-1.0.6.tgz
492 silly fetchAndShaCheck shasum 49bd6331d7d02d0c09bc910a1075ba8165b56df9
493 verbose addTmpTarball /tmp/npm-23151-549ab27b/registry.npmjs.org/inflight/-/inflight-1.0.6.tgz not in flight; adding
494 verbose addTmpTarball already have metadata; skipping unpack for inflight@1.0.6
495 silly cache afterAdd inflight@1.0.6
496 verbose afterAdd /home/henock/.npm/inflight/1.0.6/package/package.json not in flight; writing
497 verbose afterAdd /home/henock/.npm/inflight/1.0.6/package/package.json written
498 http fetch 200 https://registry.npmjs.org/inherits/-/inherits-2.0.3.tgz
499 silly fetchAndShaCheck shasum 633c2c83e3da42a502f52466022480f4208261de
500 verbose addTmpTarball /tmp/npm-23151-549ab27b/registry.npmjs.org/inherits/-/inherits-2.0.3.tgz not in flight; adding
501 verbose addTmpTarball already have metadata; skipping unpack for inherits@2.0.3
502 http fetch 200 https://registry.npmjs.org/once/-/once-1.4.0.tgz
503 silly cache afterAdd inherits@2.0.3
504 verbose afterAdd /home/henock/.npm/inherits/2.0.3/package/package.json not in flight; writing
505 silly fetchAndShaCheck shasum 583b1aa775961d4b113ac17d9c50baef9dd76bd1
506 verbose afterAdd /home/henock/.npm/inherits/2.0.3/package/package.json written
507 verbose addTmpTarball /tmp/npm-23151-549ab27b/registry.npmjs.org/once/-/once-1.4.0.tgz not in flight; adding
508 verbose addTmpTarball already have metadata; skipping unpack for once@1.4.0
509 http fetch 200 https://registry.npmjs.org/minimatch/-/minimatch-3.0.4.tgz
510 silly cache afterAdd once@1.4.0
511 verbose afterAdd /home/henock/.npm/once/1.4.0/package/package.json not in flight; writing
512 verbose afterAdd /home/henock/.npm/once/1.4.0/package/package.json written
513 http fetch 200 https://registry.npmjs.org/path-is-absolute/-/path-is-absolute-1.0.1.tgz
514 silly fetchAndShaCheck shasum 174b9268735534ffbc7ace6bf53a5a9e1b5c5f5f
515 verbose addTmpTarball /tmp/npm-23151-549ab27b/registry.npmjs.org/path-is-absolute/-/path-is-absolute-1.0.1.tgz not in flight; adding
516 verbose addTmpTarball already have metadata; skipping unpack for path-is-absolute@1.0.1
517 silly cache afterAdd path-is-absolute@1.0.1
518 verbose afterAdd /home/henock/.npm/path-is-absolute/1.0.1/package/package.json not in flight; writing
519 verbose afterAdd /home/henock/.npm/path-is-absolute/1.0.1/package/package.json written
520 silly fetchAndShaCheck shasum 5166e286457f03306064be5497e8dbb0c3d32083
521 verbose addTmpTarball /tmp/npm-23151-549ab27b/registry.npmjs.org/minimatch/-/minimatch-3.0.4.tgz not in flight; adding
522 verbose addTmpTarball already have metadata; skipping unpack for minimatch@3.0.4
523 silly cache afterAdd minimatch@3.0.4
524 verbose afterAdd /home/henock/.npm/minimatch/3.0.4/package/package.json not in flight; writing
525 verbose afterAdd /home/henock/.npm/minimatch/3.0.4/package/package.json written
526 silly fetchNamedPackageData wrappy
527 silly mapToRegistry name wrappy
528 silly mapToRegistry using default registry
529 silly mapToRegistry registry https://registry.npmjs.org/
530 silly mapToRegistry uri https://registry.npmjs.org/wrappy
531 verbose request uri https://registry.npmjs.org/wrappy
532 verbose request no auth needed
533 info attempt registry request try #1 at 9:55:05 PM
534 http request GET https://registry.npmjs.org/wrappy
535 http 200 https://registry.npmjs.org/wrappy
536 verbose headers { 'content-type': 'application/json; charset=UTF-8',
536 verbose headers   server: 'UploadServer',
536 verbose headers   'cache-control': 'max-age=300',
536 verbose headers   'last-modified': 'Fri, 16 Jun 2017 21:02:13 GMT',
536 verbose headers   etag: '"59444755-11a6"',
536 verbose headers   'content-encoding': 'gzip',
536 verbose headers   'content-length': '1390',
536 verbose headers   'accept-ranges': 'bytes',
536 verbose headers   date: 'Wed, 27 Dec 2017 04:55:05 GMT',
536 verbose headers   via: '1.1 varnish',
536 verbose headers   age: '7126',
536 verbose headers   connection: 'keep-alive',
536 verbose headers   'x-served-by': 'cache-dfw18629-DFW',
536 verbose headers   'x-cache': 'HIT',
536 verbose headers   'x-cache-hits': '52',
536 verbose headers   'x-timer': 'S1514350505.351767,VS0,VE0',
536 verbose headers   vary: 'Accept-Encoding, Accept' }
537 silly get cb [ 200,
537 silly get   { 'content-type': 'application/json; charset=UTF-8',
537 silly get     server: 'UploadServer',
537 silly get     'cache-control': 'max-age=300',
537 silly get     'last-modified': 'Fri, 16 Jun 2017 21:02:13 GMT',
537 silly get     etag: '"59444755-11a6"',
537 silly get     'content-encoding': 'gzip',
537 silly get     'content-length': '1390',
537 silly get     'accept-ranges': 'bytes',
537 silly get     date: 'Wed, 27 Dec 2017 04:55:05 GMT',
537 silly get     via: '1.1 varnish',
537 silly get     age: '7126',
537 silly get     connection: 'keep-alive',
537 silly get     'x-served-by': 'cache-dfw18629-DFW',
537 silly get     'x-cache': 'HIT',
537 silly get     'x-cache-hits': '52',
537 silly get     'x-timer': 'S1514350505.351767,VS0,VE0',
537 silly get     vary: 'Accept-Encoding, Accept' } ]
538 verbose get saving wrappy to /home/henock/.npm/registry.npmjs.org/wrappy/.cache.json
539 silly resolveWithNewModule wrappy@1.0.2 checking installable status
540 silly cache add args [ 'wrappy@1', null ]
541 verbose cache add spec wrappy@1
542 silly cache add parsed spec Result {
542 silly cache add   raw: 'wrappy@1',
542 silly cache add   scope: null,
542 silly cache add   name: 'wrappy',
542 silly cache add   rawSpec: '1',
542 silly cache add   spec: '>=1.0.0 <2.0.0',
542 silly cache add   type: 'range' }
543 silly addNamed wrappy@>=1.0.0 <2.0.0
544 verbose addNamed ">=1.0.0 <2.0.0" is a valid semver range for wrappy
545 silly addNameRange { name: 'wrappy', range: '>=1.0.0 <2.0.0', hasData: false }
546 silly mapToRegistry name wrappy
547 silly mapToRegistry using default registry
548 silly mapToRegistry registry https://registry.npmjs.org/
549 silly mapToRegistry uri https://registry.npmjs.org/wrappy
550 verbose addNameRange registry:https://registry.npmjs.org/wrappy not in flight; fetching
551 verbose get https://registry.npmjs.org/wrappy not expired, no request
552 silly addNameRange number 2 { name: 'wrappy', range: '>=1.0.0 <2.0.0', hasData: true }
553 silly addNameRange versions [ 'wrappy', [ '1.0.0', '1.0.1', '1.0.2' ] ]
554 silly addNamed wrappy@1.0.2
555 verbose addNamed "1.0.2" is a plain semver version for wrappy
556 silly mapToRegistry name wrappy
557 silly mapToRegistry using default registry
558 silly mapToRegistry registry https://registry.npmjs.org/
559 silly mapToRegistry uri https://registry.npmjs.org/wrappy
560 verbose addRemoteTarball https://registry.npmjs.org/wrappy/-/wrappy-1.0.2.tgz not in flight; adding
561 verbose addRemoteTarball [ 'https://registry.npmjs.org/wrappy/-/wrappy-1.0.2.tgz',
561 verbose addRemoteTarball   'b5243d8f3ec1aa35f1364605bc0d1036e30ab69f' ]
562 info retry fetch attempt 1 at 9:55:05 PM
563 info attempt registry request try #1 at 9:55:05 PM
564 http fetch GET https://registry.npmjs.org/wrappy/-/wrappy-1.0.2.tgz
565 http fetch 200 https://registry.npmjs.org/wrappy/-/wrappy-1.0.2.tgz
566 silly fetchAndShaCheck shasum b5243d8f3ec1aa35f1364605bc0d1036e30ab69f
567 verbose addTmpTarball /tmp/npm-23151-549ab27b/registry.npmjs.org/wrappy/-/wrappy-1.0.2.tgz not in flight; adding
568 verbose addTmpTarball already have metadata; skipping unpack for wrappy@1.0.2
569 silly cache afterAdd wrappy@1.0.2
570 verbose afterAdd /home/henock/.npm/wrappy/1.0.2/package/package.json not in flight; writing
571 verbose afterAdd /home/henock/.npm/wrappy/1.0.2/package/package.json written
572 silly fetchNamedPackageData brace-expansion
573 silly mapToRegistry name brace-expansion
574 silly mapToRegistry using default registry
575 silly mapToRegistry registry https://registry.npmjs.org/
576 silly mapToRegistry uri https://registry.npmjs.org/brace-expansion
577 verbose request uri https://registry.npmjs.org/brace-expansion
578 verbose request no auth needed
579 info attempt registry request try #1 at 9:55:05 PM
580 http request GET https://registry.npmjs.org/brace-expansion
581 http 200 https://registry.npmjs.org/brace-expansion
582 verbose headers { 'content-type': 'application/json; charset=UTF-8',
582 verbose headers   server: 'UploadServer',
582 verbose headers   'cache-control': 'max-age=300',
582 verbose headers   'last-modified': 'Tue, 4 Jul 2017 13:27:55 GMT',
582 verbose headers   etag: '"595b97db-595c"',
582 verbose headers   'content-encoding': 'gzip',
582 verbose headers   'content-length': '4081',
582 verbose headers   'accept-ranges': 'bytes',
582 verbose headers   date: 'Wed, 27 Dec 2017 04:55:05 GMT',
582 verbose headers   via: '1.1 varnish',
582 verbose headers   age: '11',
582 verbose headers   connection: 'keep-alive',
582 verbose headers   'x-served-by': 'cache-dfw18637-DFW',
582 verbose headers   'x-cache': 'HIT',
582 verbose headers   'x-cache-hits': '1',
582 verbose headers   'x-timer': 'S1514350506.626299,VS0,VE1',
582 verbose headers   vary: 'Accept-Encoding, Accept' }
583 silly get cb [ 200,
583 silly get   { 'content-type': 'application/json; charset=UTF-8',
583 silly get     server: 'UploadServer',
583 silly get     'cache-control': 'max-age=300',
583 silly get     'last-modified': 'Tue, 4 Jul 2017 13:27:55 GMT',
583 silly get     etag: '"595b97db-595c"',
583 silly get     'content-encoding': 'gzip',
583 silly get     'content-length': '4081',
583 silly get     'accept-ranges': 'bytes',
583 silly get     date: 'Wed, 27 Dec 2017 04:55:05 GMT',
583 silly get     via: '1.1 varnish',
583 silly get     age: '11',
583 silly get     connection: 'keep-alive',
583 silly get     'x-served-by': 'cache-dfw18637-DFW',
583 silly get     'x-cache': 'HIT',
583 silly get     'x-cache-hits': '1',
583 silly get     'x-timer': 'S1514350506.626299,VS0,VE1',
583 silly get     vary: 'Accept-Encoding, Accept' } ]
584 verbose get saving brace-expansion to /home/henock/.npm/registry.npmjs.org/brace-expansion/.cache.json
585 silly resolveWithNewModule brace-expansion@1.1.8 checking installable status
586 silly cache add args [ 'brace-expansion@^1.1.7', null ]
587 verbose cache add spec brace-expansion@^1.1.7
588 silly cache add parsed spec Result {
588 silly cache add   raw: 'brace-expansion@^1.1.7',
588 silly cache add   scope: null,
588 silly cache add   name: 'brace-expansion',
588 silly cache add   rawSpec: '^1.1.7',
588 silly cache add   spec: '>=1.1.7 <2.0.0',
588 silly cache add   type: 'range' }
589 silly addNamed brace-expansion@>=1.1.7 <2.0.0
590 verbose addNamed ">=1.1.7 <2.0.0" is a valid semver range for brace-expansion
591 silly addNameRange { name: 'brace-expansion',
591 silly addNameRange   range: '>=1.1.7 <2.0.0',
591 silly addNameRange   hasData: false }
592 silly mapToRegistry name brace-expansion
593 silly mapToRegistry using default registry
594 silly mapToRegistry registry https://registry.npmjs.org/
595 silly mapToRegistry uri https://registry.npmjs.org/brace-expansion
596 verbose addNameRange registry:https://registry.npmjs.org/brace-expansion not in flight; fetching
597 verbose get https://registry.npmjs.org/brace-expansion not expired, no request
598 silly addNameRange number 2 { name: 'brace-expansion',
598 silly addNameRange   range: '>=1.1.7 <2.0.0',
598 silly addNameRange   hasData: true }
599 silly addNameRange versions [ 'brace-expansion',
599 silly addNameRange   [ '0.0.0',
599 silly addNameRange     '1.0.0',
599 silly addNameRange     '1.0.1',
599 silly addNameRange     '1.1.0',
599 silly addNameRange     '1.1.1',
599 silly addNameRange     '1.1.2',
599 silly addNameRange     '1.1.3',
599 silly addNameRange     '1.1.4',
599 silly addNameRange     '1.1.5',
599 silly addNameRange     '1.1.6',
599 silly addNameRange     '1.1.7',
599 silly addNameRange     '1.1.8' ] ]
600 silly addNamed brace-expansion@1.1.8
601 verbose addNamed "1.1.8" is a plain semver version for brace-expansion
602 silly mapToRegistry name brace-expansion
603 silly mapToRegistry using default registry
604 silly mapToRegistry registry https://registry.npmjs.org/
605 silly mapToRegistry uri https://registry.npmjs.org/brace-expansion
606 verbose addRemoteTarball https://registry.npmjs.org/brace-expansion/-/brace-expansion-1.1.8.tgz not in flight; adding
607 verbose addRemoteTarball [ 'https://registry.npmjs.org/brace-expansion/-/brace-expansion-1.1.8.tgz',
607 verbose addRemoteTarball   'c07b211c7c952ec1f8efd51a77ef0d1d3990a292' ]
608 info retry fetch attempt 1 at 9:55:05 PM
609 info attempt registry request try #1 at 9:55:05 PM
610 http fetch GET https://registry.npmjs.org/brace-expansion/-/brace-expansion-1.1.8.tgz
611 http fetch 200 https://registry.npmjs.org/brace-expansion/-/brace-expansion-1.1.8.tgz
612 silly fetchAndShaCheck shasum c07b211c7c952ec1f8efd51a77ef0d1d3990a292
613 verbose addTmpTarball /tmp/npm-23151-549ab27b/registry.npmjs.org/brace-expansion/-/brace-expansion-1.1.8.tgz not in flight; adding
614 verbose addTmpTarball already have metadata; skipping unpack for brace-expansion@1.1.8
615 silly cache afterAdd brace-expansion@1.1.8
616 verbose afterAdd /home/henock/.npm/brace-expansion/1.1.8/package/package.json not in flight; writing
617 verbose afterAdd /home/henock/.npm/brace-expansion/1.1.8/package/package.json written
618 silly fetchNamedPackageData balanced-match
619 silly mapToRegistry name balanced-match
620 silly mapToRegistry using default registry
621 silly mapToRegistry registry https://registry.npmjs.org/
622 silly mapToRegistry uri https://registry.npmjs.org/balanced-match
623 silly fetchNamedPackageData concat-map
624 silly mapToRegistry name concat-map
625 silly mapToRegistry using default registry
626 silly mapToRegistry registry https://registry.npmjs.org/
627 silly mapToRegistry uri https://registry.npmjs.org/concat-map
628 verbose request uri https://registry.npmjs.org/balanced-match
629 verbose request no auth needed
630 info attempt registry request try #1 at 9:55:05 PM
631 http request GET https://registry.npmjs.org/balanced-match
632 verbose request uri https://registry.npmjs.org/concat-map
633 verbose request no auth needed
634 info attempt registry request try #1 at 9:55:05 PM
635 http request GET https://registry.npmjs.org/concat-map
636 http 200 https://registry.npmjs.org/balanced-match
637 verbose headers { 'content-type': 'application/json; charset=UTF-8',
637 verbose headers   server: 'UploadServer',
637 verbose headers   'cache-control': 'max-age=300',
637 verbose headers   'last-modified': 'Thu, 15 Jun 2017 13:26:50 GMT',
637 verbose headers   etag: '"59428b1a-476d"',
637 verbose headers   'content-encoding': 'gzip',
637 verbose headers   'content-length': '3489',
637 verbose headers   'accept-ranges': 'bytes',
637 verbose headers   date: 'Wed, 27 Dec 2017 04:55:05 GMT',
637 verbose headers   via: '1.1 varnish',
637 verbose headers   age: '1283',
637 verbose headers   connection: 'keep-alive',
637 verbose headers   'x-served-by': 'cache-dfw18636-DFW',
637 verbose headers   'x-cache': 'HIT',
637 verbose headers   'x-cache-hits': '11',
637 verbose headers   'x-timer': 'S1514350506.984179,VS0,VE0',
637 verbose headers   vary: 'Accept-Encoding, Accept' }
638 silly get cb [ 200,
638 silly get   { 'content-type': 'application/json; charset=UTF-8',
638 silly get     server: 'UploadServer',
638 silly get     'cache-control': 'max-age=300',
638 silly get     'last-modified': 'Thu, 15 Jun 2017 13:26:50 GMT',
638 silly get     etag: '"59428b1a-476d"',
638 silly get     'content-encoding': 'gzip',
638 silly get     'content-length': '3489',
638 silly get     'accept-ranges': 'bytes',
638 silly get     date: 'Wed, 27 Dec 2017 04:55:05 GMT',
638 silly get     via: '1.1 varnish',
638 silly get     age: '1283',
638 silly get     connection: 'keep-alive',
638 silly get     'x-served-by': 'cache-dfw18636-DFW',
638 silly get     'x-cache': 'HIT',
638 silly get     'x-cache-hits': '11',
638 silly get     'x-timer': 'S1514350506.984179,VS0,VE0',
638 silly get     vary: 'Accept-Encoding, Accept' } ]
639 verbose get saving balanced-match to /home/henock/.npm/registry.npmjs.org/balanced-match/.cache.json
640 http 200 https://registry.npmjs.org/concat-map
641 verbose headers { 'content-type': 'application/json; charset=UTF-8',
641 verbose headers   server: 'UploadServer',
641 verbose headers   'cache-control': 'max-age=300',
641 verbose headers   'last-modified': 'Thu, 30 Jan 2014 3:06:35 GMT',
641 verbose headers   etag: '"52e9c1bb-f3a"',
641 verbose headers   'content-encoding': 'gzip',
641 verbose headers   'content-length': '1395',
641 verbose headers   'accept-ranges': 'bytes',
641 verbose headers   date: 'Wed, 27 Dec 2017 04:55:05 GMT',
641 verbose headers   via: '1.1 varnish',
641 verbose headers   age: '3697',
641 verbose headers   connection: 'keep-alive',
641 verbose headers   'x-served-by': 'cache-dfw18638-DFW',
641 verbose headers   'x-cache': 'HIT',
641 verbose headers   'x-cache-hits': '28',
641 verbose headers   'x-timer': 'S1514350506.984160,VS0,VE0',
641 verbose headers   vary: 'Accept-Encoding, Accept' }
642 silly get cb [ 200,
642 silly get   { 'content-type': 'application/json; charset=UTF-8',
642 silly get     server: 'UploadServer',
642 silly get     'cache-control': 'max-age=300',
642 silly get     'last-modified': 'Thu, 30 Jan 2014 3:06:35 GMT',
642 silly get     etag: '"52e9c1bb-f3a"',
642 silly get     'content-encoding': 'gzip',
642 silly get     'content-length': '1395',
642 silly get     'accept-ranges': 'bytes',
642 silly get     date: 'Wed, 27 Dec 2017 04:55:05 GMT',
642 silly get     via: '1.1 varnish',
642 silly get     age: '3697',
642 silly get     connection: 'keep-alive',
642 silly get     'x-served-by': 'cache-dfw18638-DFW',
642 silly get     'x-cache': 'HIT',
642 silly get     'x-cache-hits': '28',
642 silly get     'x-timer': 'S1514350506.984160,VS0,VE0',
642 silly get     vary: 'Accept-Encoding, Accept' } ]
643 verbose get saving concat-map to /home/henock/.npm/registry.npmjs.org/concat-map/.cache.json
644 silly resolveWithNewModule balanced-match@1.0.0 checking installable status
645 silly cache add args [ 'balanced-match@^1.0.0', null ]
646 verbose cache add spec balanced-match@^1.0.0
647 silly cache add parsed spec Result {
647 silly cache add   raw: 'balanced-match@^1.0.0',
647 silly cache add   scope: null,
647 silly cache add   name: 'balanced-match',
647 silly cache add   rawSpec: '^1.0.0',
647 silly cache add   spec: '>=1.0.0 <2.0.0',
647 silly cache add   type: 'range' }
648 silly addNamed balanced-match@>=1.0.0 <2.0.0
649 verbose addNamed ">=1.0.0 <2.0.0" is a valid semver range for balanced-match
650 silly addNameRange { name: 'balanced-match',
650 silly addNameRange   range: '>=1.0.0 <2.0.0',
650 silly addNameRange   hasData: false }
651 silly mapToRegistry name balanced-match
652 silly mapToRegistry using default registry
653 silly mapToRegistry registry https://registry.npmjs.org/
654 silly mapToRegistry uri https://registry.npmjs.org/balanced-match
655 verbose addNameRange registry:https://registry.npmjs.org/balanced-match not in flight; fetching
656 silly resolveWithNewModule concat-map@0.0.1 checking installable status
657 silly cache add args [ 'concat-map@0.0.1', null ]
658 verbose cache add spec concat-map@0.0.1
659 silly cache add parsed spec Result {
659 silly cache add   raw: 'concat-map@0.0.1',
659 silly cache add   scope: null,
659 silly cache add   name: 'concat-map',
659 silly cache add   rawSpec: '0.0.1',
659 silly cache add   spec: '0.0.1',
659 silly cache add   type: 'version' }
660 silly addNamed concat-map@0.0.1
661 verbose addNamed "0.0.1" is a plain semver version for concat-map
662 silly mapToRegistry name concat-map
663 silly mapToRegistry using default registry
664 silly mapToRegistry registry https://registry.npmjs.org/
665 silly mapToRegistry uri https://registry.npmjs.org/concat-map
666 verbose addNameVersion registry:https://registry.npmjs.org/concat-map not in flight; fetching
667 verbose get https://registry.npmjs.org/balanced-match not expired, no request
668 silly addNameRange number 2 { name: 'balanced-match',
668 silly addNameRange   range: '>=1.0.0 <2.0.0',
668 silly addNameRange   hasData: true }
669 silly addNameRange versions [ 'balanced-match',
669 silly addNameRange   [ '0.0.0',
669 silly addNameRange     '0.0.1',
669 silly addNameRange     '0.1.0',
669 silly addNameRange     '0.2.0',
669 silly addNameRange     '0.2.1',
669 silly addNameRange     '0.3.0',
669 silly addNameRange     '0.4.0',
669 silly addNameRange     '0.4.1',
669 silly addNameRange     '0.4.2',
669 silly addNameRange     '1.0.0' ] ]
670 silly addNamed balanced-match@1.0.0
671 verbose addNamed "1.0.0" is a plain semver version for balanced-match
672 silly mapToRegistry name balanced-match
673 silly mapToRegistry using default registry
674 silly mapToRegistry registry https://registry.npmjs.org/
675 silly mapToRegistry uri https://registry.npmjs.org/balanced-match
676 verbose addRemoteTarball https://registry.npmjs.org/balanced-match/-/balanced-match-1.0.0.tgz not in flight; adding
677 verbose addRemoteTarball [ 'https://registry.npmjs.org/balanced-match/-/balanced-match-1.0.0.tgz',
677 verbose addRemoteTarball   '89b4d199ab2bee49de164ea02b89ce462d71b767' ]
678 verbose get https://registry.npmjs.org/concat-map not expired, no request
679 silly mapToRegistry name concat-map
680 silly mapToRegistry using default registry
681 silly mapToRegistry registry https://registry.npmjs.org/
682 silly mapToRegistry uri https://registry.npmjs.org/concat-map
683 verbose addRemoteTarball https://registry.npmjs.org/concat-map/-/concat-map-0.0.1.tgz not in flight; adding
684 verbose addRemoteTarball [ 'https://registry.npmjs.org/concat-map/-/concat-map-0.0.1.tgz',
684 verbose addRemoteTarball   'd8a96bd77fd68df7793a73036a3ba0d5405d477b' ]
685 info retry fetch attempt 1 at 9:55:06 PM
686 info attempt registry request try #1 at 9:55:06 PM
687 http fetch GET https://registry.npmjs.org/balanced-match/-/balanced-match-1.0.0.tgz
688 info retry fetch attempt 1 at 9:55:06 PM
689 info attempt registry request try #1 at 9:55:06 PM
690 http fetch GET https://registry.npmjs.org/concat-map/-/concat-map-0.0.1.tgz
691 http fetch 200 https://registry.npmjs.org/balanced-match/-/balanced-match-1.0.0.tgz
692 silly fetchAndShaCheck shasum 89b4d199ab2bee49de164ea02b89ce462d71b767
693 http fetch 200 https://registry.npmjs.org/concat-map/-/concat-map-0.0.1.tgz
694 verbose addTmpTarball /tmp/npm-23151-549ab27b/registry.npmjs.org/balanced-match/-/balanced-match-1.0.0.tgz not in flight; adding
695 verbose addTmpTarball already have metadata; skipping unpack for balanced-match@1.0.0
696 silly fetchAndShaCheck shasum d8a96bd77fd68df7793a73036a3ba0d5405d477b
697 verbose addTmpTarball /tmp/npm-23151-549ab27b/registry.npmjs.org/concat-map/-/concat-map-0.0.1.tgz not in flight; adding
698 verbose addTmpTarball already have metadata; skipping unpack for concat-map@0.0.1
699 silly cache afterAdd balanced-match@1.0.0
700 verbose afterAdd /home/henock/.npm/balanced-match/1.0.0/package/package.json not in flight; writing
701 verbose afterAdd /home/henock/.npm/balanced-match/1.0.0/package/package.json written
702 silly cache afterAdd concat-map@0.0.1
703 verbose afterAdd /home/henock/.npm/concat-map/0.0.1/package/package.json not in flight; writing
704 verbose afterAdd /home/henock/.npm/concat-map/0.0.1/package/package.json written
705 silly fetchNamedPackageData abbrev
706 silly mapToRegistry name abbrev
707 silly mapToRegistry using default registry
708 silly mapToRegistry registry https://registry.npmjs.org/
709 silly mapToRegistry uri https://registry.npmjs.org/abbrev
710 verbose request uri https://registry.npmjs.org/abbrev
711 verbose request no auth needed
712 info attempt registry request try #1 at 9:55:06 PM
713 http request GET https://registry.npmjs.org/abbrev
714 http 200 https://registry.npmjs.org/abbrev
715 verbose headers { 'content-type': 'application/json; charset=UTF-8',
715 verbose headers   server: 'UploadServer',
715 verbose headers   'cache-control': 'max-age=300',
715 verbose headers   'last-modified': 'Thu, 28 Sep 2017 2:47:13 GMT',
715 verbose headers   etag: '"59cc62b1-23b4"',
715 verbose headers   'content-encoding': 'gzip',
715 verbose headers   'content-length': '2132',
715 verbose headers   'accept-ranges': 'bytes',
715 verbose headers   date: 'Wed, 27 Dec 2017 04:55:06 GMT',
715 verbose headers   via: '1.1 varnish',
715 verbose headers   age: '9588',
715 verbose headers   connection: 'keep-alive',
715 verbose headers   'x-served-by': 'cache-dfw18624-DFW',
715 verbose headers   'x-cache': 'HIT',
715 verbose headers   'x-cache-hits': '43',
715 verbose headers   'x-timer': 'S1514350506.327163,VS0,VE0',
715 verbose headers   vary: 'Accept-Encoding, Accept' }
716 silly get cb [ 200,
716 silly get   { 'content-type': 'application/json; charset=UTF-8',
716 silly get     server: 'UploadServer',
716 silly get     'cache-control': 'max-age=300',
716 silly get     'last-modified': 'Thu, 28 Sep 2017 2:47:13 GMT',
716 silly get     etag: '"59cc62b1-23b4"',
716 silly get     'content-encoding': 'gzip',
716 silly get     'content-length': '2132',
716 silly get     'accept-ranges': 'bytes',
716 silly get     date: 'Wed, 27 Dec 2017 04:55:06 GMT',
716 silly get     via: '1.1 varnish',
716 silly get     age: '9588',
716 silly get     connection: 'keep-alive',
716 silly get     'x-served-by': 'cache-dfw18624-DFW',
716 silly get     'x-cache': 'HIT',
716 silly get     'x-cache-hits': '43',
716 silly get     'x-timer': 'S1514350506.327163,VS0,VE0',
716 silly get     vary: 'Accept-Encoding, Accept' } ]
717 verbose get saving abbrev to /home/henock/.npm/registry.npmjs.org/abbrev/.cache.json
718 silly resolveWithNewModule abbrev@1.1.1 checking installable status
719 silly cache add args [ 'abbrev@1', null ]
720 verbose cache add spec abbrev@1
721 silly cache add parsed spec Result {
721 silly cache add   raw: 'abbrev@1',
721 silly cache add   scope: null,
721 silly cache add   name: 'abbrev',
721 silly cache add   rawSpec: '1',
721 silly cache add   spec: '>=1.0.0 <2.0.0',
721 silly cache add   type: 'range' }
722 silly addNamed abbrev@>=1.0.0 <2.0.0
723 verbose addNamed ">=1.0.0 <2.0.0" is a valid semver range for abbrev
724 silly addNameRange { name: 'abbrev', range: '>=1.0.0 <2.0.0', hasData: false }
725 silly mapToRegistry name abbrev
726 silly mapToRegistry using default registry
727 silly mapToRegistry registry https://registry.npmjs.org/
728 silly mapToRegistry uri https://registry.npmjs.org/abbrev
729 verbose addNameRange registry:https://registry.npmjs.org/abbrev not in flight; fetching
730 verbose get https://registry.npmjs.org/abbrev not expired, no request
731 silly addNameRange number 2 { name: 'abbrev', range: '>=1.0.0 <2.0.0', hasData: true }
732 silly addNameRange versions [ 'abbrev',
732 silly addNameRange   [ '1.0.3',
732 silly addNameRange     '1.0.4',
732 silly addNameRange     '1.0.5',
732 silly addNameRange     '1.0.6',
732 silly addNameRange     '1.0.7',
732 silly addNameRange     '1.0.9',
732 silly addNameRange     '1.1.0',
732 silly addNameRange     '1.1.1' ] ]
733 silly addNamed abbrev@1.1.1
734 verbose addNamed "1.1.1" is a plain semver version for abbrev
735 silly mapToRegistry name abbrev
736 silly mapToRegistry using default registry
737 silly mapToRegistry registry https://registry.npmjs.org/
738 silly mapToRegistry uri https://registry.npmjs.org/abbrev
739 verbose addRemoteTarball https://registry.npmjs.org/abbrev/-/abbrev-1.1.1.tgz not in flight; adding
740 verbose addRemoteTarball [ 'https://registry.npmjs.org/abbrev/-/abbrev-1.1.1.tgz',
740 verbose addRemoteTarball   'f8f2c887ad10bf67f634f005b6987fed3179aac8' ]
741 info retry fetch attempt 1 at 9:55:06 PM
742 info attempt registry request try #1 at 9:55:06 PM
743 http fetch GET https://registry.npmjs.org/abbrev/-/abbrev-1.1.1.tgz
744 http fetch 200 https://registry.npmjs.org/abbrev/-/abbrev-1.1.1.tgz
745 silly fetchAndShaCheck shasum f8f2c887ad10bf67f634f005b6987fed3179aac8
746 verbose addTmpTarball /tmp/npm-23151-549ab27b/registry.npmjs.org/abbrev/-/abbrev-1.1.1.tgz not in flight; adding
747 verbose addTmpTarball already have metadata; skipping unpack for abbrev@1.1.1
748 silly cache afterAdd abbrev@1.1.1
749 verbose afterAdd /home/henock/.npm/abbrev/1.1.1/package/package.json not in flight; writing
750 verbose afterAdd /home/henock/.npm/abbrev/1.1.1/package/package.json written
751 silly loadAllDepsIntoIdealTree Finishing
752 silly idealTree:prePrune lib
752 silly idealTree:prePrune  grunt-cli@1.2.0
752 silly idealTree:prePrune    abbrev@1.1.1
752 silly idealTree:prePrune    balanced-match@1.0.0
752 silly idealTree:prePrune    brace-expansion@1.1.8
752 silly idealTree:prePrune    concat-map@0.0.1
752 silly idealTree:prePrune    findup-sync@0.3.0
752 silly idealTree:prePrune    glob@5.0.15
752 silly idealTree:prePrune    grunt-known-options@1.1.0
752 silly idealTree:prePrune    inflight@1.0.6
752 silly idealTree:prePrune    inherits@2.0.3
752 silly idealTree:prePrune    minimatch@3.0.4
752 silly idealTree:prePrune    nopt@3.0.6
752 silly idealTree:prePrune    once@1.4.0
752 silly idealTree:prePrune    path-is-absolute@1.0.1
752 silly idealTree:prePrune    resolve@1.1.7
752 silly idealTree:prePrune    wrappy@1.0.2
753 silly loadIdealTree Finishing
754 silly currentTree lib
755 silly idealTree lib
755 silly idealTree  grunt-cli@1.2.0
755 silly idealTree    abbrev@1.1.1
755 silly idealTree    balanced-match@1.0.0
755 silly idealTree    brace-expansion@1.1.8
755 silly idealTree    concat-map@0.0.1
755 silly idealTree    findup-sync@0.3.0
755 silly idealTree    glob@5.0.15
755 silly idealTree    grunt-known-options@1.1.0
755 silly idealTree    inflight@1.0.6
755 silly idealTree    inherits@2.0.3
755 silly idealTree    minimatch@3.0.4
755 silly idealTree    nopt@3.0.6
755 silly idealTree    once@1.4.0
755 silly idealTree    path-is-absolute@1.0.1
755 silly idealTree    resolve@1.1.7
755 silly idealTree    wrappy@1.0.2
756 silly generateActionsToTake Starting
757 silly install generateActionsToTake
758 warn checkPermissions Missing write access to /usr/local/lib
759 silly rollbackFailedOptional Starting
760 silly rollbackFailedOptional Finishing
761 silly runTopLevelLifecycles Starting
762 silly runTopLevelLifecycles Finishing
763 silly install printInstalled
764 verbose stack Error: EACCES: permission denied, access '/usr/local/lib'
764 verbose stack     at Error (native)
765 verbose cwd /home/henock/Documents/PythonWater
766 error Linux 4.10.0-38-generic
767 error argv "/usr/bin/nodejs" "/usr/bin/npm" "install" "-g" "grunt-cli"
768 error node v4.2.6
769 error npm  v3.5.2
770 error path /usr/local/lib
771 error code EACCES
772 error errno -13
773 error syscall access
774 error Error: EACCES: permission denied, access '/usr/local/lib'
774 error     at Error (native)
774 error  { [Error: EACCES: permission denied, access '/usr/local/lib']
774 error   errno: -13,
774 error   code: 'EACCES',
774 error   syscall: 'access',
774 error   path: '/usr/local/lib' }
775 error Please try running this command again as root/Administrator.
776 verbose exit [ -13, true ]
